[  2%] Built target enc_turtle_cpp__cpp
[  8%] Built target bgv_test
[ 13%] Built target enc_turtle_cpp__rosidl_generator_c
[ 17%] Built target turtle_controller
[ 22%] Built target turtle_plant
[ 28%] Built target enc_turtle_cpp__rosidl_typesupport_introspection_cpp
[ 35%] Built target enc_turtle_cpp__rosidl_typesupport_cpp
[ 42%] Built target enc_turtle_cpp__rosidl_typesupport_fastrtps_cpp
[ 48%] Built target enc_turtle_cpp__rosidl_typesupport_introspection_c
[ 55%] Built target enc_turtle_cpp__rosidl_typesupport_c
[ 62%] Built target enc_turtle_cpp__rosidl_typesupport_fastrtps_c
[ 62%] Built target enc_turtle_cpp
[35m[1mScanning dependencies of target test_controller[0m
[35m[1mScanning dependencies of target test_plant[0m
[ 64%] Built target enc_turtle_cpp__py
[ 68%] Built target enc_turtle_controller
[ 73%] Built target enc_turtle_plant
[ 75%] [32mBuilding CXX object CMakeFiles/test_controller.dir/src/test_controller.cpp.o[0m
[ 77%] [32mBuilding CXX object CMakeFiles/test_plant.dir/src/test_plant.cpp.o[0m
[ 82%] Built target enc_turtle_cpp__python
[ 91%] Built target enc_turtle_cpp__rosidl_typesupport_c__pyext
[ 91%] Built target enc_turtle_cpp__rosidl_typesupport_fastrtps_c__pyext
[ 95%] Built target enc_turtle_cpp__rosidl_typesupport_introspection_c__pyext
[01m[K/home/sangwon/ROS2_turtlesim_ws/src/enc_turtle_cpp/src/test_plant.cpp:[m[K In constructor â€˜[01m[KTestPlant::TestPlant()[m[Kâ€™:
[01m[K/home/sangwon/ROS2_turtlesim_ws/src/enc_turtle_cpp/src/test_plant.cpp:73:31:[m[K [01;31m[Kerror: [m[Kâ€˜[01m[Kusing element_type = class lbcrypto::CryptoContextImpl<lbcrypto::DCRTPolyImpl<bigintdyn::mubintvec<bigintdyn::ubint<long unsigned int> > > >[m[Kâ€™ {aka â€˜[01m[Kclass lbcrypto::CryptoContextImpl<lbcrypto::DCRTPolyImpl<bigintdyn::mubintvec<bigintdyn::ubint<long unsigned int> > > >[m[Kâ€™} has no member named â€˜[01m[KGetEvalMultKey[m[Kâ€™; did you mean â€˜[01m[KInsertEvalMultKey[m[Kâ€™?
   73 |         Serial::Serialize(cc->[01;31m[KGetEvalMultKey[m[K(), ss_evalkey, SerType::BINARY);
      |                               [01;31m[K^~~~~~~~~~~~~~[m[K
      |                               [32m[KInsertEvalMultKey[m[K
make[2]: *** [CMakeFiles/test_plant.dir/build.make:63: CMakeFiles/test_plant.dir/src/test_plant.cpp.o] Error 1
make[1]: *** [CMakeFiles/Makefile2:650: CMakeFiles/test_plant.dir/all] Error 2
make[1]: *** Waiting for unfinished jobs....
[ 97%] [32m[1mLinking CXX executable test_controller[0m
[ 97%] Built target test_controller
make: *** [Makefile:141: all] Error 2
