[0.018s] Invoking command in '/home/sangwon/ROS2_turtlesim_ws/build/enc_turtle_cpp': CMAKE_PREFIX_PATH=${CMAKE_PREFIX_PATH}:/opt/ros/foxy /usr/bin/cmake --build /home/sangwon/ROS2_turtlesim_ws/build/enc_turtle_cpp -- -j12 -l12
[0.073s] [  2%] Built target enc_turtle_cpp__cpp
[0.074s] [  8%] Built target bgv_test
[0.074s] [ 13%] Built target enc_turtle_cpp__rosidl_generator_c
[0.081s] [ 17%] Built target turtle_controller
[0.083s] [ 22%] Built target turtle_plant
[0.094s] [ 28%] Built target enc_turtle_cpp__rosidl_typesupport_introspection_cpp
[0.096s] [ 35%] Built target enc_turtle_cpp__rosidl_typesupport_cpp
[0.099s] [ 42%] Built target enc_turtle_cpp__rosidl_typesupport_fastrtps_cpp
[0.104s] [ 48%] Built target enc_turtle_cpp__rosidl_typesupport_introspection_c
[0.105s] [ 55%] Built target enc_turtle_cpp__rosidl_typesupport_c
[0.124s] [ 62%] Built target enc_turtle_cpp__rosidl_typesupport_fastrtps_c
[0.144s] [ 62%] Built target enc_turtle_cpp
[0.156s] [35m[1mScanning dependencies of target test_controller[0m
[0.156s] [35m[1mScanning dependencies of target test_plant[0m
[0.166s] [ 64%] Built target enc_turtle_cpp__py
[0.176s] [ 68%] Built target enc_turtle_controller
[0.176s] [ 73%] Built target enc_turtle_plant
[0.185s] [ 75%] [32mBuilding CXX object CMakeFiles/test_controller.dir/src/test_controller.cpp.o[0m
[0.186s] [ 77%] [32mBuilding CXX object CMakeFiles/test_plant.dir/src/test_plant.cpp.o[0m
[0.192s] [ 82%] Built target enc_turtle_cpp__python
[0.219s] [ 91%] Built target enc_turtle_cpp__rosidl_typesupport_c__pyext
[0.219s] [ 91%] Built target enc_turtle_cpp__rosidl_typesupport_fastrtps_c__pyext
[0.220s] [ 95%] Built target enc_turtle_cpp__rosidl_typesupport_introspection_c__pyext
[2.270s] [01m[K/home/sangwon/ROS2_turtlesim_ws/src/enc_turtle_cpp/src/test_plant.cpp:[m[K In constructor â€˜[01m[KTestPlant::TestPlant()[m[Kâ€™:
[2.270s] [01m[K/home/sangwon/ROS2_turtlesim_ws/src/enc_turtle_cpp/src/test_plant.cpp:73:31:[m[K [01;31m[Kerror: [m[Kâ€˜[01m[Kusing element_type = class lbcrypto::CryptoContextImpl<lbcrypto::DCRTPolyImpl<bigintdyn::mubintvec<bigintdyn::ubint<long unsigned int> > > >[m[Kâ€™ {aka â€˜[01m[Kclass lbcrypto::CryptoContextImpl<lbcrypto::DCRTPolyImpl<bigintdyn::mubintvec<bigintdyn::ubint<long unsigned int> > > >[m[Kâ€™} has no member named â€˜[01m[KGetEvalMultKey[m[Kâ€™; did you mean â€˜[01m[KInsertEvalMultKey[m[Kâ€™?
[2.270s]    73 |         Serial::Serialize(cc->[01;31m[KGetEvalMultKey[m[K(), ss_evalkey, SerType::BINARY);
[2.270s]       |                               [01;31m[K^~~~~~~~~~~~~~[m[K
[2.270s]       |                               [32m[KInsertEvalMultKey[m[K
[7.957s] make[2]: *** [CMakeFiles/test_plant.dir/build.make:63: CMakeFiles/test_plant.dir/src/test_plant.cpp.o] Error 1
[7.957s] make[1]: *** [CMakeFiles/Makefile2:650: CMakeFiles/test_plant.dir/all] Error 2
[7.957s] make[1]: *** Waiting for unfinished jobs....
[20.693s] [ 97%] [32m[1mLinking CXX executable test_controller[0m
[20.868s] [ 97%] Built target test_controller
[20.869s] make: *** [Makefile:141: all] Error 2
[20.875s] Invoked command in '/home/sangwon/ROS2_turtlesim_ws/build/enc_turtle_cpp' returned '2': CMAKE_PREFIX_PATH=${CMAKE_PREFIX_PATH}:/opt/ros/foxy /usr/bin/cmake --build /home/sangwon/ROS2_turtlesim_ws/build/enc_turtle_cpp -- -j12 -l12
