[0.015s] Invoking command in '/home/sangwon/ROS2_turtlesim_ws/build/enc_turtle_cpp': CMAKE_PREFIX_PATH=/home/sangwon/ROS2_turtlesim_ws/install/turtle_demo_controller:/opt/ros/foxy WSLENV=ELECTRON_RUN_AS_NODE/w:WT_SESSION:WT_PROFILE_ID: /usr/bin/cmake /home/sangwon/ROS2_turtlesim_ws/src/enc_turtle_cpp -DCMAKE_INSTALL_PREFIX=/home/sangwon/ROS2_turtlesim_ws/install/enc_turtle_cpp
[0.148s] -- The C compiler identification is GNU 9.4.0
[0.318s] -- The CXX compiler identification is GNU 9.4.0
[0.390s] -- Check for working C compiler: /usr/bin/cc
[0.505s] -- Check for working C compiler: /usr/bin/cc -- works
[0.505s] -- Detecting C compiler ABI info
[0.623s] -- Detecting C compiler ABI info - done
[0.629s] -- Detecting C compile features
[0.629s] -- Detecting C compile features - done
[0.630s] -- Check for working CXX compiler: /usr/bin/c++
[0.765s] -- Check for working CXX compiler: /usr/bin/c++ -- works
[0.766s] -- Detecting CXX compiler ABI info
[0.890s] -- Detecting CXX compiler ABI info - done
[0.897s] -- Detecting CXX compile features
[0.897s] -- Detecting CXX compile features - done
[0.899s] -- Found ament_cmake: 0.9.12 (/opt/ros/foxy/share/ament_cmake/cmake)
[0.917s] -- Found PythonInterp: /usr/bin/python3 (found suitable version "3.8.10", minimum required is "3") 
[0.917s] -- Using PYTHON_EXECUTABLE: /usr/bin/python3
[1.051s] -- Found rclcpp: 2.4.3 (/opt/ros/foxy/share/rclcpp/cmake)
[1.156s] -- Using all available rosidl_typesupport_c: rosidl_typesupport_fastrtps_c;rosidl_typesupport_introspection_c
[1.161s] -- Found rosidl_adapter: 1.3.1 (/opt/ros/foxy/share/rosidl_adapter/cmake)
[1.829s] -- Found OpenSSL: /usr/lib/x86_64-linux-gnu/libcrypto.so (found version "1.1.1f")  
[2.484s] -- Found FastRTPS: /opt/ros/foxy/include  
[3.649s] -- Using all available rosidl_typesupport_cpp: rosidl_typesupport_fastrtps_cpp;rosidl_typesupport_introspection_cpp
[3.682s] -- Found rmw_implementation_cmake: 1.0.4 (/opt/ros/foxy/share/rmw_implementation_cmake/cmake)
[3.683s] -- Using RMW implementation 'rmw_fastrtps_cpp' as default
[3.684s] -- Looking for pthread.h
[3.803s] -- Looking for pthread.h - found
[3.803s] -- Performing Test CMAKE_HAVE_LIBC_PTHREAD
[3.925s] -- Performing Test CMAKE_HAVE_LIBC_PTHREAD - Success
[3.926s] -- Found Threads: TRUE  
[4.021s] -- Found geometry_msgs: 2.0.5 (/opt/ros/foxy/share/geometry_msgs/cmake)
[4.041s] -- Found turtlesim: 1.2.6 (/opt/ros/foxy/share/turtlesim/cmake)
[4.106s] -- Found rosidl_default_generators: 1.0.1 (/opt/ros/foxy/share/rosidl_default_generators/cmake)
[4.512s] -- Found OpenMP_C: -fopenmp (found version "4.5") 
[4.663s] -- Found OpenMP_CXX: -fopenmp (found version "4.5") 
[4.663s] -- Found OpenMP: TRUE (found version "4.5")  
[4.681s] -- Found PythonInterp: /usr/bin/python3 (found version "3.8.10") 
[4.764s] -- Found ament_cmake_ros: 0.9.2 (/opt/ros/foxy/share/ament_cmake_ros/cmake)
[7.039s] -- Using all available rosidl_typesupport_c: rosidl_typesupport_fastrtps_c;rosidl_typesupport_introspection_c
[7.046s] -- Using all available rosidl_typesupport_cpp: rosidl_typesupport_fastrtps_cpp;rosidl_typesupport_introspection_cpp
[7.063s] -- Found PythonInterp: /usr/bin/python3 (found suitable version "3.8.10", minimum required is "3.5") 
[7.064s] -- Found python_cmake_module: 0.8.1 (/opt/ros/foxy/share/python_cmake_module/cmake)
[7.306s] -- Found PythonLibs: /usr/lib/x86_64-linux-gnu/libpython3.8.so (found suitable version "3.8.10", minimum required is "3.5") 
[7.306s] -- Using PYTHON_EXECUTABLE: /usr/bin/python3
[7.307s] -- Using PYTHON_INCLUDE_DIRS: /usr/include/python3.8
[7.307s] -- Using PYTHON_LIBRARIES: /usr/lib/x86_64-linux-gnu/libpython3.8.so
[7.323s] -- Found PythonExtra: .so  
[7.377s] -- Found OpenFHE
[7.377s] -- OpenFHE Version: 1.3.0
[7.377s] -- OpenFHE Include Dirs: 
[7.377s] -- OpenFHE Libraries: 
[7.380s] -- Found ament_lint_auto: 0.9.8 (/opt/ros/foxy/share/ament_lint_auto/cmake)
[7.397s] -- Added test 'copyright' to check source files copyright and LICENSE
[7.399s] -- Added test 'cppcheck' to perform static code analysis on C / C++ code
[7.400s] -- Configured cppcheck include dirs: $<BUILD_INTERFACE:/home/sangwon/ROS2_turtlesim_ws/src/enc_turtle_cpp/include>
[7.400s] -- Configured cppcheck exclude dirs and/or files: 
[7.402s] -- Added test 'cpplint' to check C / C++ code against the Google style
[7.402s] -- Configured cpplint exclude dirs and/or files: 
[7.402s] -- Added test 'flake8' to check Python code syntax and style conventions
[7.403s] -- Added test 'lint_cmake' to check CMake code style
[7.404s] -- Added test 'pep257' to check Python code against some of the style conventions in PEP 257
[7.405s] -- Added test 'uncrustify' to check C / C++ code style
[7.405s] -- Configured uncrustify additional arguments: 
[7.406s] -- Added test 'xmllint' to check XML markup files
[7.411s] -- Configuring done
[7.473s] -- Generating done
[7.476s] -- Build files have been written to: /home/sangwon/ROS2_turtlesim_ws/build/enc_turtle_cpp
[7.487s] Invoked command in '/home/sangwon/ROS2_turtlesim_ws/build/enc_turtle_cpp' returned '0': CMAKE_PREFIX_PATH=/home/sangwon/ROS2_turtlesim_ws/install/turtle_demo_controller:/opt/ros/foxy WSLENV=ELECTRON_RUN_AS_NODE/w:WT_SESSION:WT_PROFILE_ID: /usr/bin/cmake /home/sangwon/ROS2_turtlesim_ws/src/enc_turtle_cpp -DCMAKE_INSTALL_PREFIX=/home/sangwon/ROS2_turtlesim_ws/install/enc_turtle_cpp
[7.491s] Invoking command in '/home/sangwon/ROS2_turtlesim_ws/build/enc_turtle_cpp': CMAKE_PREFIX_PATH=/home/sangwon/ROS2_turtlesim_ws/install/turtle_demo_controller:/opt/ros/foxy WSLENV=ELECTRON_RUN_AS_NODE/w:WT_SESSION:WT_PROFILE_ID: /usr/bin/cmake --build /home/sangwon/ROS2_turtlesim_ws/build/enc_turtle_cpp -- -j12 -l12
[7.532s] [  2%] [34m[1mGenerating C code for ROS interfaces[0m
[7.532s] [35m[1mScanning dependencies of target enc_turtle_cpp__cpp[0m
[7.533s] [35m[1mScanning dependencies of target bgv_test[0m
[7.533s] [35m[1mScanning dependencies of target turtle_plant[0m
[7.533s] [35m[1mScanning dependencies of target turtle_controller[0m
[7.543s] [  4%] [32mBuilding CXX object CMakeFiles/bgv_test.dir/src/bgv_test.cpp.o[0m
[7.544s] [  7%] [34m[1mGenerating C++ code for ROS interfaces[0m
[7.575s] [ 12%] [32mBuilding CXX object CMakeFiles/turtle_controller.dir/src/turtle_controller.cpp.o[0m
[7.575s] [ 12%] [32mBuilding CXX object CMakeFiles/turtle_plant.dir/src/turtle_plant.cpp.o[0m
[7.578s] [01m[K/home/sangwon/ROS2_turtlesim_ws/src/enc_turtle_cpp/src/bgv_test.cpp:2:10:[m[K [01;31m[Kfatal error: [m[Kopenfhe/core/lattice/ilparams.h: No such file or directory
[7.578s]     2 | #include [01;31m[K<openfhe/core/lattice/ilparams.h>[m[K
[7.578s]       |          [01;31m[K^~~~~~~~~~~~~~~~~~~~~~~~~~~~~~~~~[m[K
[7.578s] compilation terminated.
[7.581s] make[2]: *** [CMakeFiles/bgv_test.dir/build.make:63: CMakeFiles/bgv_test.dir/src/bgv_test.cpp.o] Error 1
[7.581s] make[1]: *** [CMakeFiles/Makefile2:131: CMakeFiles/bgv_test.dir/all] Error 2
[7.581s] make[1]: *** Waiting for unfinished jobs....
[7.701s] [35m[1mScanning dependencies of target enc_turtle_cpp__rosidl_generator_c[0m
[7.714s] [ 14%] [32mBuilding C object CMakeFiles/enc_turtle_cpp__rosidl_generator_c.dir/rosidl_generator_c/enc_turtle_cpp/msg/detail/encrypted_data__functions.c.o[0m
[7.725s] [ 14%] Built target enc_turtle_cpp__cpp
[7.766s] [ 17%] [32m[1mLinking C shared library libenc_turtle_cpp__rosidl_generator_c.so[0m
[7.856s] [ 17%] Built target enc_turtle_cpp__rosidl_generator_c
[12.639s] [ 19%] [32m[1mLinking CXX executable turtle_controller[0m
[12.788s] [ 19%] Built target turtle_controller
[14.155s] [ 21%] [32m[1mLinking CXX executable turtle_plant[0m
[14.306s] [ 21%] Built target turtle_plant
[14.307s] make: *** [Makefile:141: all] Error 2
[14.309s] Invoked command in '/home/sangwon/ROS2_turtlesim_ws/build/enc_turtle_cpp' returned '2': CMAKE_PREFIX_PATH=/home/sangwon/ROS2_turtlesim_ws/install/turtle_demo_controller:/opt/ros/foxy WSLENV=ELECTRON_RUN_AS_NODE/w:WT_SESSION:WT_PROFILE_ID: /usr/bin/cmake --build /home/sangwon/ROS2_turtlesim_ws/build/enc_turtle_cpp -- -j12 -l12
