[  6%] Built target enc_turtle_cpp__rosidl_generator_c
[  8%] Built target enc_turtle_cpp__cpp
[ 13%] Built target bgv_test
[ 20%] Built target turtle_plant
[ 22%] Built target turtle_controller
[ 28%] Built target enc_turtle_cpp__rosidl_typesupport_cpp
[ 35%] Built target enc_turtle_cpp__rosidl_typesupport_introspection_c
[ 42%] Built target enc_turtle_cpp__rosidl_typesupport_introspection_cpp
[ 48%] Built target enc_turtle_cpp__rosidl_typesupport_c
[ 55%] Built target enc_turtle_cpp__rosidl_typesupport_fastrtps_cpp
[ 62%] Built target enc_turtle_cpp__rosidl_typesupport_fastrtps_c
[ 62%] Built target enc_turtle_cpp
[35m[1mScanning dependencies of target test_plant[0m
[35m[1mScanning dependencies of target test_controller[0m
[ 64%] Built target enc_turtle_cpp__py
[ 68%] Built target enc_turtle_plant
[ 73%] Built target enc_turtle_controller
[ 75%] [32mBuilding CXX object CMakeFiles/test_plant.dir/src/test_plant.cpp.o[0m
[ 77%] [32mBuilding CXX object CMakeFiles/test_controller.dir/src/test_controller.cpp.o[0m
[ 82%] Built target enc_turtle_cpp__python
[ 86%] Built target enc_turtle_cpp__rosidl_typesupport_c__pyext
[ 91%] Built target enc_turtle_cpp__rosidl_typesupport_introspection_c__pyext
[ 95%] Built target enc_turtle_cpp__rosidl_typesupport_fastrtps_c__pyext
[01m[K/home/sangwon/ROS2_turtlesim_ws/src/enc_turtle_cpp/src/test_plant.cpp:[m[K In constructor â€˜[01m[KTestPlant::TestPlant()[m[Kâ€™:
[01m[K/home/sangwon/ROS2_turtlesim_ws/src/enc_turtle_cpp/src/test_plant.cpp:50:13:[m[K [01;31m[Kerror: [m[Kâ€˜[01m[Kusing element_type = class lbcrypto::CryptoContextImpl<lbcrypto::DCRTPolyImpl<bigintdyn::mubintvec<bigintdyn::ubint<long unsigned int> > > >[m[Kâ€™ {aka â€˜[01m[Kclass lbcrypto::CryptoContextImpl<lbcrypto::DCRTPolyImpl<bigintdyn::mubintvec<bigintdyn::ubint<long unsigned int> > > >[m[Kâ€™} has no member named â€˜[01m[KSerialize[m[Kâ€™; did you mean â€˜[01m[KSerializable[m[Kâ€™?
   50 |         cc->[01;31m[KSerialize[m[K(ss_context);
      |             [01;31m[K^~~~~~~~~[m[K
      |             [32m[KSerializable[m[K
[01m[K/home/sangwon/ROS2_turtlesim_ws/src/enc_turtle_cpp/src/test_controller.cpp:[m[K In member function â€˜[01m[Kvoid TestController::encrypted_callback(enc_turtle_cpp::msg::EncryptedData_<std::allocator<void> >::SharedPtr)[m[Kâ€™:
[01m[K/home/sangwon/ROS2_turtlesim_ws/src/enc_turtle_cpp/src/test_controller.cpp:53:46:[m[K [01;31m[Kerror: [m[Kâ€˜[01m[KDeserializeAndCreateContext[m[Kâ€™ is not a member of â€˜[01m[Klbcrypto::CryptoContextFactory<lbcrypto::DCRTPolyImpl<bigintdyn::mubintvec<bigintdyn::ubint<long unsigned int> > > >[m[Kâ€™
   53 |         cc = CryptoContextFactory<DCRTPoly>::[01;31m[KDeserializeAndCreateContext[m[K(ss);
      |                                              [01;31m[K^~~~~~~~~~~~~~~~~~~~~~~~~~~[m[K
make[2]: *** [CMakeFiles/test_controller.dir/build.make:63: CMakeFiles/test_controller.dir/src/test_controller.cpp.o] Error 1
make[1]: *** [CMakeFiles/Makefile2:483: CMakeFiles/test_controller.dir/all] Error 2
make[1]: *** Waiting for unfinished jobs....
make[2]: *** [CMakeFiles/test_plant.dir/build.make:63: CMakeFiles/test_plant.dir/src/test_plant.cpp.o] Error 1
make[1]: *** [CMakeFiles/Makefile2:650: CMakeFiles/test_plant.dir/all] Error 2
make: *** [Makefile:141: all] Error 2
