[0.015s] Invoking command in '/home/sangwon/ROS2_turtlesim_ws/build/enc_turtle_cpp': CMAKE_PREFIX_PATH=/home/sangwon/ROS2_turtlesim_ws/install/turtle_demo_controller:/opt/ros/foxy WSLENV=ELECTRON_RUN_AS_NODE/w:WT_SESSION:WT_PROFILE_ID: /usr/bin/cmake --build /home/sangwon/ROS2_turtlesim_ws/build/enc_turtle_cpp -- -j12 -l12
[0.059s] [35m[1mScanning dependencies of target bgv_test[0m
[0.070s] [  2%] Built target enc_turtle_cpp__cpp
[0.070s] [  4%] [32mBuilding CXX object CMakeFiles/bgv_test.dir/src/bgv_test.cpp.o[0m
[0.071s] [ 12%] Built target enc_turtle_cpp__rosidl_generator_c
[0.078s] [ 17%] Built target turtle_controller
[0.079s] [ 21%] Built target turtle_plant
[0.091s] [ 29%] Built target enc_turtle_cpp__rosidl_typesupport_c
[0.092s] [ 36%] Built target enc_turtle_cpp__rosidl_typesupport_cpp
[0.092s] [ 43%] Built target enc_turtle_cpp__rosidl_typesupport_introspection_c
[0.093s] [ 51%] Built target enc_turtle_cpp__rosidl_typesupport_introspection_cpp
[0.097s] [ 58%] Built target enc_turtle_cpp__rosidl_typesupport_fastrtps_cpp
[0.124s] [ 65%] Built target enc_turtle_cpp__rosidl_typesupport_fastrtps_c
[0.144s] [ 65%] Built target enc_turtle_cpp
[0.165s] [ 68%] Built target enc_turtle_cpp__py
[0.175s] [ 75%] Built target enc_turtle_controller
[0.175s] [ 78%] Built target enc_turtle_plant
[0.190s] [ 82%] Built target enc_turtle_cpp__python
[0.215s] [ 97%] Built target enc_turtle_cpp__rosidl_typesupport_fastrtps_c__pyext
[0.215s] [ 97%] Built target enc_turtle_cpp__rosidl_typesupport_c__pyext
[0.215s] [ 97%] Built target enc_turtle_cpp__rosidl_typesupport_introspection_c__pyext
[1.233s] [01m[K/home/sangwon/ROS2_turtlesim_ws/src/enc_turtle_cpp/src/bgv_test.cpp:[m[K In function ‚Äò[01m[Kint main()[m[K‚Äô:
[1.233s] [01m[K/home/sangwon/ROS2_turtlesim_ws/src/enc_turtle_cpp/src/bgv_test.cpp:12:14:[m[K [01;31m[Kerror: [m[K‚Äò[01m[KCryptoContextBGVRNS[m[K‚Äô was not declared in this scope
[1.233s]    12 |     CCParams<[01;31m[KCryptoContextBGVRNS[m[K> parameters;
[1.233s]       |              [01;31m[K^~~~~~~~~~~~~~~~~~~[m[K
[1.233s] [01m[K/home/sangwon/ROS2_turtlesim_ws/src/enc_turtle_cpp/src/bgv_test.cpp:12:33:[m[K [01;31m[Kerror: [m[Ktemplate argument 1 is invalid
[1.234s]    12 |     CCParams<CryptoContextBGVRNS[01;31m[K>[m[K parameters;
[1.234s]       |                                 [01;31m[K^[m[K
[1.234s] [01m[K/home/sangwon/ROS2_turtlesim_ws/src/enc_turtle_cpp/src/bgv_test.cpp:13:16:[m[K [01;31m[Kerror: [m[Krequest for member ‚Äò[01m[KSetPlaintextModulus[m[K‚Äô in ‚Äò[01m[Kparameters[m[K‚Äô, which is of non-class type ‚Äò[01m[Kint[m[K‚Äô
[1.234s]    13 |     parameters.[01;31m[KSetPlaintextModulus[m[K(65537);
[1.234s]       |                [01;31m[K^~~~~~~~~~~~~~~~~~~[m[K
[1.234s] [01m[K/home/sangwon/ROS2_turtlesim_ws/src/enc_turtle_cpp/src/bgv_test.cpp:14:16:[m[K [01;31m[Kerror: [m[Krequest for member ‚Äò[01m[KSetMultiplicativeDepth[m[K‚Äô in ‚Äò[01m[Kparameters[m[K‚Äô, which is of non-class type ‚Äò[01m[Kint[m[K‚Äô
[1.234s]    14 |     parameters.[01;31m[KSetMultiplicativeDepth[m[K(2);
[1.234s]       |                [01;31m[K^~~~~~~~~~~~~~~~~~~~~~[m[K
[1.234s] [01m[K/home/sangwon/ROS2_turtlesim_ws/src/enc_turtle_cpp/src/bgv_test.cpp:15:16:[m[K [01;31m[Kerror: [m[Krequest for member ‚Äò[01m[KSetSecurityLevel[m[K‚Äô in ‚Äò[01m[Kparameters[m[K‚Äô, which is of non-class type ‚Äò[01m[Kint[m[K‚Äô
[1.234s]    15 |     parameters.[01;31m[KSetSecurityLevel[m[K(SecurityLevel::HEStd_128_classic);
[1.234s]       |                [01;31m[K^~~~~~~~~~~~~~~~[m[K
[1.234s] [01m[K/home/sangwon/ROS2_turtlesim_ws/src/enc_turtle_cpp/src/bgv_test.cpp:16:16:[m[K [01;31m[Kerror: [m[Krequest for member ‚Äò[01m[KSetRingDim[m[K‚Äô in ‚Äò[01m[Kparameters[m[K‚Äô, which is of non-class type ‚Äò[01m[Kint[m[K‚Äô
[1.234s]    16 |     parameters.[01;31m[KSetRingDim[m[K(16384);  // Í∂åÏû•ÎêòÎäî ÏµúÏÜå Ring dimensionÏúºÎ°ú Î≥ÄÍ≤Ω
[1.234s]       |                [01;31m[K^~~~~~~~~~[m[K
[1.235s] [01m[K/home/sangwon/ROS2_turtlesim_ws/src/enc_turtle_cpp/src/bgv_test.cpp:21:61:[m[K [01;31m[Kerror: [m[Kno matching function for call to ‚Äò[01m[KGenCryptoContext(int&)[m[K‚Äô
[1.235s]    21 |     CryptoContext<DCRTPoly> cc = GenCryptoContext(parameters[01;31m[K)[m[K;
[1.235s]       |                                                             [01;31m[K^[m[K
[1.235s] In file included from [01m[K/home/sangwon/ROS2_turtlesim_ws/src/enc_turtle_cpp/src/bgv_test.cpp:5[m[K:
[1.235s] [01m[K/usr/local/include/openfhe/pke/gen-cryptocontext.h:89:25:[m[K [01;36m[Knote: [m[Kcandidate: ‚Äò[01m[Ktemplate<class T> typename T::ContextType lbcrypto::GenCryptoContext(const lbcrypto::CCParams<T>&)[m[K‚Äô
[1.235s]    89 | typename T::ContextType [01;36m[KGenCryptoContext[m[K(const CCParams<T>& params) {
[1.235s]       |                         [01;36m[K^~~~~~~~~~~~~~~~[m[K
[1.235s] [01m[K/usr/local/include/openfhe/pke/gen-cryptocontext.h:89:25:[m[K [01;36m[Knote: [m[K  template argument deduction/substitution failed:
[1.235s] [01m[K/home/sangwon/ROS2_turtlesim_ws/src/enc_turtle_cpp/src/bgv_test.cpp:21:61:[m[K [01;36m[Knote: [m[K  mismatched types ‚Äò[01m[Kconst lbcrypto::CCParams<T>[m[K‚Äô and ‚Äò[01m[Kint[m[K‚Äô
[1.235s]    21 |     CryptoContext<DCRTPoly> cc = GenCryptoContext(parameters[01;36m[K)[m[K;
[1.235s]       |                                                             [01;36m[K^[m[K
[1.236s] [01m[K/home/sangwon/ROS2_turtlesim_ws/src/enc_turtle_cpp/src/bgv_test.cpp:22:16:[m[K [01;31m[Kerror: [m[K‚Äò[01m[KENCRYPTION[m[K‚Äô was not declared in this scope
[1.236s]    22 |     cc->Enable([01;31m[KENCRYPTION[m[K);
[1.236s]       |                [01;31m[K^~~~~~~~~~[m[K
[2.120s] make[2]: *** [CMakeFiles/bgv_test.dir/build.make:63: CMakeFiles/bgv_test.dir/src/bgv_test.cpp.o] Error 1
[2.121s] make[1]: *** [CMakeFiles/Makefile2:131: CMakeFiles/bgv_test.dir/all] Error 2
[2.121s] make: *** [Makefile:141: all] Error 2
[2.124s] Invoked command in '/home/sangwon/ROS2_turtlesim_ws/build/enc_turtle_cpp' returned '2': CMAKE_PREFIX_PATH=/home/sangwon/ROS2_turtlesim_ws/install/turtle_demo_controller:/opt/ros/foxy WSLENV=ELECTRON_RUN_AS_NODE/w:WT_SESSION:WT_PROFILE_ID: /usr/bin/cmake --build /home/sangwon/ROS2_turtlesim_ws/build/enc_turtle_cpp -- -j12 -l12
