[01m[K/home/sangwon/ROS2_turtlesim_ws/src/enc_turtle_cpp/src/enc_turtle_controller.cpp:[m[K In constructor â€˜[01m[KEncTurtleController::EncTurtleController()[m[Kâ€™:
[01m[K/home/sangwon/ROS2_turtlesim_ws/src/enc_turtle_cpp/src/enc_turtle_controller.cpp:21:16:[m[K [01;31m[Kerror: [m[Kâ€˜[01m[KENCRYPTION[m[Kâ€™ was not declared in this scope
   21 |     cc->Enable([01;31m[KENCRYPTION[m[K | SHE | ADVANCEDSHE | LEVELEDSHE | MULTIPARTY);
      |                [01;31m[K^~~~~~~~~~[m[K
[01m[K/home/sangwon/ROS2_turtlesim_ws/src/enc_turtle_cpp/src/enc_turtle_controller.cpp:21:29:[m[K [01;31m[Kerror: [m[Kâ€˜[01m[KSHE[m[Kâ€™ was not declared in this scope
   21 |     cc->Enable(ENCRYPTION | [01;31m[KSHE[m[K | ADVANCEDSHE | LEVELEDSHE | MULTIPARTY);
      |                             [01;31m[K^~~[m[K
[01m[K/home/sangwon/ROS2_turtlesim_ws/src/enc_turtle_cpp/src/enc_turtle_plant.cpp:[m[K In constructor â€˜[01m[KEncTurtlePlant::EncTurtlePlant()[m[Kâ€™:
[01m[K/home/sangwon/ROS2_turtlesim_ws/src/enc_turtle_cpp/src/enc_turtle_plant.cpp:22:16:[m[K [01;31m[Kerror: [m[Kâ€˜[01m[KENCRYPTION[m[Kâ€™ was not declared in this scope
   22 |     cc->Enable([01;31m[KENCRYPTION[m[K | SHE | ADVANCEDSHE | LEVELEDSHE | MULTIPARTY);
      |                [01;31m[K^~~~~~~~~~[m[K
[01m[K/home/sangwon/ROS2_turtlesim_ws/src/enc_turtle_cpp/src/enc_turtle_plant.cpp:22:29:[m[K [01;31m[Kerror: [m[Kâ€˜[01m[KSHE[m[Kâ€™ was not declared in this scope
   22 |     cc->Enable(ENCRYPTION | [01;31m[KSHE[m[K | ADVANCEDSHE | LEVELEDSHE | MULTIPARTY);
      |                             [01;31m[K^~~[m[K
make[2]: *** [CMakeFiles/enc_turtle_controller.dir/build.make:63: CMakeFiles/enc_turtle_controller.dir/src/enc_turtle_controller.cpp.o] Error 1
make[1]: *** [CMakeFiles/Makefile2:159: CMakeFiles/enc_turtle_controller.dir/all] Error 2
make[1]: *** Waiting for unfinished jobs....
make[2]: *** [CMakeFiles/enc_turtle_plant.dir/build.make:63: CMakeFiles/enc_turtle_plant.dir/src/enc_turtle_plant.cpp.o] Error 1
make[1]: *** [CMakeFiles/Makefile2:445: CMakeFiles/enc_turtle_plant.dir/all] Error 2
make: *** [Makefile:141: all] Error 2
