[0.018s] Invoking command in '/home/sangwon/ROS2_turtlesim_ws/build/enc_turtle_cpp': CMAKE_PREFIX_PATH=${CMAKE_PREFIX_PATH}:/opt/ros/foxy /usr/bin/cmake --build /home/sangwon/ROS2_turtlesim_ws/build/enc_turtle_cpp -- -j12 -l12
[0.069s] [  7%] Built target enc_turtle_cpp__rosidl_generator_c
[0.069s] [  9%] Built target enc_turtle_cpp__cpp
[0.072s] [ 14%] Built target bgv_test
[0.078s] [ 19%] Built target turtle_plant
[0.079s] [ 24%] Built target turtle_controller
[0.094s] [ 34%] Built target enc_turtle_cpp__rosidl_typesupport_c
[0.094s] [ 39%] Built target enc_turtle_cpp__rosidl_typesupport_introspection_cpp
[0.095s] [ 46%] Built target enc_turtle_cpp__rosidl_typesupport_introspection_c
[0.096s] [ 53%] Built target enc_turtle_cpp__rosidl_typesupport_cpp
[0.099s] [ 60%] Built target enc_turtle_cpp__rosidl_typesupport_fastrtps_cpp
[0.123s] [ 68%] Built target enc_turtle_cpp__rosidl_typesupport_fastrtps_c
[0.143s] [ 68%] Built target enc_turtle_cpp
[0.155s] [35m[1mScanning dependencies of target enc_turtle_controller[0m
[0.155s] [35m[1mScanning dependencies of target enc_turtle_plant[0m
[0.163s] [ 70%] Built target enc_turtle_cpp__py
[0.186s] [ 73%] [32mBuilding CXX object CMakeFiles/enc_turtle_controller.dir/src/enc_turtle_controller.cpp.o[0m
[0.186s] [ 75%] [32mBuilding CXX object CMakeFiles/enc_turtle_plant.dir/src/enc_turtle_plant.cpp.o[0m
[0.187s] [ 80%] Built target enc_turtle_cpp__python
[0.214s] [ 85%] Built target enc_turtle_cpp__rosidl_typesupport_introspection_c__pyext
[0.215s] [ 90%] Built target enc_turtle_cpp__rosidl_typesupport_fastrtps_c__pyext
[0.215s] [ 95%] Built target enc_turtle_cpp__rosidl_typesupport_c__pyext
[2.122s] [01m[K/home/sangwon/ROS2_turtlesim_ws/src/enc_turtle_cpp/src/enc_turtle_controller.cpp:[m[K In constructor â€˜[01m[KEncTurtleController::EncTurtleController()[m[Kâ€™:
[2.122s] [01m[K/home/sangwon/ROS2_turtlesim_ws/src/enc_turtle_cpp/src/enc_turtle_controller.cpp:21:16:[m[K [01;31m[Kerror: [m[Kâ€˜[01m[KENCRYPTION[m[Kâ€™ was not declared in this scope
[2.122s]    21 |     cc->Enable([01;31m[KENCRYPTION[m[K | SHE | ADVANCEDSHE | LEVELEDSHE | MULTIPARTY);
[2.122s]       |                [01;31m[K^~~~~~~~~~[m[K
[2.123s] [01m[K/home/sangwon/ROS2_turtlesim_ws/src/enc_turtle_cpp/src/enc_turtle_controller.cpp:21:29:[m[K [01;31m[Kerror: [m[Kâ€˜[01m[KSHE[m[Kâ€™ was not declared in this scope
[2.123s]    21 |     cc->Enable(ENCRYPTION | [01;31m[KSHE[m[K | ADVANCEDSHE | LEVELEDSHE | MULTIPARTY);
[2.123s]       |                             [01;31m[K^~~[m[K
[2.140s] [01m[K/home/sangwon/ROS2_turtlesim_ws/src/enc_turtle_cpp/src/enc_turtle_plant.cpp:[m[K In constructor â€˜[01m[KEncTurtlePlant::EncTurtlePlant()[m[Kâ€™:
[2.140s] [01m[K/home/sangwon/ROS2_turtlesim_ws/src/enc_turtle_cpp/src/enc_turtle_plant.cpp:22:16:[m[K [01;31m[Kerror: [m[Kâ€˜[01m[KENCRYPTION[m[Kâ€™ was not declared in this scope
[2.140s]    22 |     cc->Enable([01;31m[KENCRYPTION[m[K | SHE | ADVANCEDSHE | LEVELEDSHE | MULTIPARTY);
[2.140s]       |                [01;31m[K^~~~~~~~~~[m[K
[2.141s] [01m[K/home/sangwon/ROS2_turtlesim_ws/src/enc_turtle_cpp/src/enc_turtle_plant.cpp:22:29:[m[K [01;31m[Kerror: [m[Kâ€˜[01m[KSHE[m[Kâ€™ was not declared in this scope
[2.141s]    22 |     cc->Enable(ENCRYPTION | [01;31m[KSHE[m[K | ADVANCEDSHE | LEVELEDSHE | MULTIPARTY);
[2.141s]       |                             [01;31m[K^~~[m[K
[6.065s] make[2]: *** [CMakeFiles/enc_turtle_controller.dir/build.make:63: CMakeFiles/enc_turtle_controller.dir/src/enc_turtle_controller.cpp.o] Error 1
[6.065s] make[1]: *** [CMakeFiles/Makefile2:159: CMakeFiles/enc_turtle_controller.dir/all] Error 2
[6.065s] make[1]: *** Waiting for unfinished jobs....
[6.531s] make[2]: *** [CMakeFiles/enc_turtle_plant.dir/build.make:63: CMakeFiles/enc_turtle_plant.dir/src/enc_turtle_plant.cpp.o] Error 1
[6.531s] make[1]: *** [CMakeFiles/Makefile2:445: CMakeFiles/enc_turtle_plant.dir/all] Error 2
[6.532s] make: *** [Makefile:141: all] Error 2
[6.534s] Invoked command in '/home/sangwon/ROS2_turtlesim_ws/build/enc_turtle_cpp' returned '2': CMAKE_PREFIX_PATH=${CMAKE_PREFIX_PATH}:/opt/ros/foxy /usr/bin/cmake --build /home/sangwon/ROS2_turtlesim_ws/build/enc_turtle_cpp -- -j12 -l12
