[01m[K/home/sangwon/ROS2_turtlesim_ws/src/enc_turtle_cpp/src/test_controller.cpp:[m[K In member function â€˜[01m[Kvoid TestController::encrypted_callback(enc_turtle_cpp::msg::EncryptedData_<std::allocator<void> >::SharedPtr)[m[Kâ€™:
[01m[K/home/sangwon/ROS2_turtlesim_ws/src/enc_turtle_cpp/src/test_controller.cpp:67:13:[m[K [01;31m[Kerror: [m[Kâ€˜[01m[Kusing element_type = class lbcrypto::CryptoContextImpl<lbcrypto::DCRTPolyImpl<bigintdyn::mubintvec<bigintdyn::ubint<long unsigned int> > > >[m[Kâ€™ {aka â€˜[01m[Kclass lbcrypto::CryptoContextImpl<lbcrypto::DCRTPolyImpl<bigintdyn::mubintvec<bigintdyn::ubint<long unsigned int> > > >[m[Kâ€™} has no member named â€˜[01m[KInsertPublicKey[m[Kâ€™
   67 |         cc->[01;31m[KInsertPublicKey[m[K(pubKey);
      |             [01;31m[K^~~~~~~~~~~~~~~[m[K
[01m[K/home/sangwon/ROS2_turtlesim_ws/src/enc_turtle_cpp/src/test_plant.cpp:[m[K In constructor â€˜[01m[KTestPlant::TestPlant()[m[Kâ€™:
[01m[K/home/sangwon/ROS2_turtlesim_ws/src/enc_turtle_cpp/src/test_plant.cpp:73:31:[m[K [01;31m[Kerror: [m[Kâ€˜[01m[Kusing element_type = class lbcrypto::CryptoContextImpl<lbcrypto::DCRTPolyImpl<bigintdyn::mubintvec<bigintdyn::ubint<long unsigned int> > > >[m[Kâ€™ {aka â€˜[01m[Kclass lbcrypto::CryptoContextImpl<lbcrypto::DCRTPolyImpl<bigintdyn::mubintvec<bigintdyn::ubint<long unsigned int> > > >[m[Kâ€™} has no member named â€˜[01m[KGetEvalMultKey[m[Kâ€™; did you mean â€˜[01m[KInsertEvalMultKey[m[Kâ€™?
   73 |         Serial::Serialize(cc->[01;31m[KGetEvalMultKey[m[K(), ss_evalkey, SerType::BINARY);
      |                               [01;31m[K^~~~~~~~~~~~~~[m[K
      |                               [32m[KInsertEvalMultKey[m[K
make[2]: *** [CMakeFiles/test_controller.dir/build.make:63: CMakeFiles/test_controller.dir/src/test_controller.cpp.o] Error 1
make[1]: *** [CMakeFiles/Makefile2:483: CMakeFiles/test_controller.dir/all] Error 2
make[1]: *** Waiting for unfinished jobs....
make[2]: *** [CMakeFiles/test_plant.dir/build.make:63: CMakeFiles/test_plant.dir/src/test_plant.cpp.o] Error 1
make[1]: *** [CMakeFiles/Makefile2:650: CMakeFiles/test_plant.dir/all] Error 2
make: *** [Makefile:141: all] Error 2
