[35m[1mScanning dependencies of target bgv_test[0m
[  2%] [32mBuilding CXX object CMakeFiles/bgv_test.dir/src/bgv_test.cpp.o[0m
[  9%] Built target enc_turtle_cpp__cpp
[ 12%] Built target enc_turtle_cpp__rosidl_generator_c
[ 17%] Built target turtle_controller
[ 21%] Built target turtle_plant
[ 36%] Built target enc_turtle_cpp__rosidl_typesupport_cpp
[ 36%] Built target enc_turtle_cpp__rosidl_typesupport_introspection_c
[ 43%] Built target enc_turtle_cpp__rosidl_typesupport_c
[ 51%] Built target enc_turtle_cpp__rosidl_typesupport_introspection_cpp
[ 58%] Built target enc_turtle_cpp__rosidl_typesupport_fastrtps_cpp
[ 60%] [34m[1mGenerating C type support for eProsima Fast-RTPS[0m
[01m[K/home/sangwon/ROS2_turtlesim_ws/src/enc_turtle_cpp/src/bgv_test.cpp:5:10:[m[K [01;31m[Kfatal error: [m[Kopenfhe/pke/cryptocontextgen.h: No such file or directory
    5 | #include [01;31m[K<openfhe/pke/cryptocontextgen.h>[m[K
      |          [01;31m[K^~~~~~~~~~~~~~~~~~~~~~~~~~~~~~~~[m[K
compilation terminated.
make[2]: *** [CMakeFiles/bgv_test.dir/build.make:63: CMakeFiles/bgv_test.dir/src/bgv_test.cpp.o] Error 1
make[1]: *** [CMakeFiles/Makefile2:131: CMakeFiles/bgv_test.dir/all] Error 2
make[1]: *** Waiting for unfinished jobs....
[35m[1mScanning dependencies of target enc_turtle_cpp__rosidl_typesupport_fastrtps_c[0m
[ 63%] [32mBuilding CXX object CMakeFiles/enc_turtle_cpp__rosidl_typesupport_fastrtps_c.dir/rosidl_typesupport_fastrtps_c/enc_turtle_cpp/msg/detail/encrypted_data__type_support_c.cpp.o[0m
[ 65%] [32m[1mLinking CXX shared library libenc_turtle_cpp__rosidl_typesupport_fastrtps_c.so[0m
[ 65%] Built target enc_turtle_cpp__rosidl_typesupport_fastrtps_c
make: *** [Makefile:141: all] Error 2
