[0.014s] Invoking command in '/home/sangwon/ROS2_turtlesim_ws/build/enc_turtle_cpp': CMAKE_PREFIX_PATH=/home/sangwon/ROS2_turtlesim_ws/install/turtle_demo_controller:/opt/ros/foxy WSLENV=ELECTRON_RUN_AS_NODE/w:WT_SESSION:WT_PROFILE_ID: /usr/bin/cmake --build /home/sangwon/ROS2_turtlesim_ws/build/enc_turtle_cpp -- -j12 -l12
[0.060s] [35m[1mScanning dependencies of target bgv_test[0m
[0.071s] [  2%] [32mBuilding CXX object CMakeFiles/bgv_test.dir/src/bgv_test.cpp.o[0m
[0.071s] [  9%] Built target enc_turtle_cpp__cpp
[0.071s] [ 12%] Built target enc_turtle_cpp__rosidl_generator_c
[0.079s] [ 17%] Built target turtle_controller
[0.081s] [ 21%] Built target turtle_plant
[0.096s] [ 36%] Built target enc_turtle_cpp__rosidl_typesupport_cpp
[0.096s] [ 36%] Built target enc_turtle_cpp__rosidl_typesupport_introspection_c
[0.096s] [ 43%] Built target enc_turtle_cpp__rosidl_typesupport_c
[0.097s] [ 51%] Built target enc_turtle_cpp__rosidl_typesupport_introspection_cpp
[0.100s] [ 58%] Built target enc_turtle_cpp__rosidl_typesupport_fastrtps_cpp
[0.112s] [ 60%] [34m[1mGenerating C type support for eProsima Fast-RTPS[0m
[0.187s] [01m[K/home/sangwon/ROS2_turtlesim_ws/src/enc_turtle_cpp/src/bgv_test.cpp:5:10:[m[K [01;31m[Kfatal error: [m[Kopenfhe/pke/cryptocontextgen.h: No such file or directory
[0.187s]     5 | #include [01;31m[K<openfhe/pke/cryptocontextgen.h>[m[K
[0.187s]       |          [01;31m[K^~~~~~~~~~~~~~~~~~~~~~~~~~~~~~~~[m[K
[0.187s] compilation terminated.
[0.193s] make[2]: *** [CMakeFiles/bgv_test.dir/build.make:63: CMakeFiles/bgv_test.dir/src/bgv_test.cpp.o] Error 1
[0.193s] make[1]: *** [CMakeFiles/Makefile2:131: CMakeFiles/bgv_test.dir/all] Error 2
[0.193s] make[1]: *** Waiting for unfinished jobs....
[0.267s] [35m[1mScanning dependencies of target enc_turtle_cpp__rosidl_typesupport_fastrtps_c[0m
[0.281s] [ 63%] [32mBuilding CXX object CMakeFiles/enc_turtle_cpp__rosidl_typesupport_fastrtps_c.dir/rosidl_typesupport_fastrtps_c/enc_turtle_cpp/msg/detail/encrypted_data__type_support_c.cpp.o[0m
[0.560s] [ 65%] [32m[1mLinking CXX shared library libenc_turtle_cpp__rosidl_typesupport_fastrtps_c.so[0m
[0.682s] [ 65%] Built target enc_turtle_cpp__rosidl_typesupport_fastrtps_c
[0.683s] make: *** [Makefile:141: all] Error 2
[0.685s] Invoked command in '/home/sangwon/ROS2_turtlesim_ws/build/enc_turtle_cpp' returned '2': CMAKE_PREFIX_PATH=/home/sangwon/ROS2_turtlesim_ws/install/turtle_demo_controller:/opt/ros/foxy WSLENV=ELECTRON_RUN_AS_NODE/w:WT_SESSION:WT_PROFILE_ID: /usr/bin/cmake --build /home/sangwon/ROS2_turtlesim_ws/build/enc_turtle_cpp -- -j12 -l12
