[  2%] Built target enc_turtle_cpp__cpp
[  8%] Built target enc_turtle_cpp__rosidl_generator_c
[ 13%] Built target bgv_test
[ 17%] Built target turtle_plant
[ 22%] Built target turtle_controller
[ 31%] Built target enc_turtle_cpp__rosidl_typesupport_cpp
[ 35%] Built target enc_turtle_cpp__rosidl_typesupport_introspection_cpp
[ 42%] Built target enc_turtle_cpp__rosidl_typesupport_introspection_c
[ 48%] Built target enc_turtle_cpp__rosidl_typesupport_c
[ 55%] Built target enc_turtle_cpp__rosidl_typesupport_fastrtps_cpp
[ 62%] Built target enc_turtle_cpp__rosidl_typesupport_fastrtps_c
[ 62%] Built target enc_turtle_cpp
[35m[1mScanning dependencies of target test_plant[0m
[ 64%] Built target enc_turtle_cpp__py
[ 68%] Built target test_controller
[ 73%] Built target enc_turtle_plant
[ 77%] Built target enc_turtle_controller
[ 80%] [32mBuilding CXX object CMakeFiles/test_plant.dir/src/test_plant.cpp.o[0m
[ 84%] Built target enc_turtle_cpp__python
[ 88%] Built target enc_turtle_cpp__rosidl_typesupport_fastrtps_c__pyext
[ 93%] Built target enc_turtle_cpp__rosidl_typesupport_c__pyext
[ 97%] Built target enc_turtle_cpp__rosidl_typesupport_introspection_c__pyext
[01m[K/home/sangwon/ROS2_turtlesim_ws/src/enc_turtle_cpp/src/test_plant.cpp:[m[K In constructor â€˜[01m[KTestPlant::TestPlant()[m[Kâ€™:
[01m[K/home/sangwon/ROS2_turtlesim_ws/src/enc_turtle_cpp/src/test_plant.cpp:46:48:[m[K [01;31m[Kerror: [m[Kno matching function for call to â€˜[01m[Klbcrypto::CryptoContextImpl<lbcrypto::DCRTPolyImpl<bigintdyn::mubintvec<bigintdyn::ubint<long unsigned int> > > >::EvalMultKeyGen(lbcrypto::PrivateKey<lbcrypto::DCRTPolyImpl<bigintdyn::mubintvec<bigintdyn::ubint<long unsigned int> > > >&, const string&)[m[Kâ€™
   46 |         cc->EvalMultKeyGen(kp.secretKey, keyTag[01;31m[K)[m[K;
      |                                                [01;31m[K^[m[K
In file included from [01m[K/usr/local/include/openfhe/pke/openfhe.h:54[m[K,
                 from [01m[K/home/sangwon/ROS2_turtlesim_ws/src/enc_turtle_cpp/src/test_plant.cpp:3[m[K:
[01m[K/usr/local/include/openfhe/pke/cryptocontext.h:1862:10:[m[K [01;36m[Knote: [m[Kcandidate: â€˜[01m[Kvoid lbcrypto::CryptoContextImpl<Element>::EvalMultKeyGen(lbcrypto::PrivateKey<Element>) [with Element = lbcrypto::DCRTPolyImpl<bigintdyn::mubintvec<bigintdyn::ubint<long unsigned int> > >; lbcrypto::PrivateKey<Element> = std::shared_ptr<lbcrypto::PrivateKeyImpl<lbcrypto::DCRTPolyImpl<bigintdyn::mubintvec<bigintdyn::ubint<long unsigned int> > > > >][m[Kâ€™
 1862 |     void [01;36m[KEvalMultKeyGen[m[K(const PrivateKey<Element> key);
      |          [01;36m[K^~~~~~~~~~~~~~[m[K
[01m[K/usr/local/include/openfhe/pke/cryptocontext.h:1862:10:[m[K [01;36m[Knote: [m[K  candidate expects 1 argument, 2 provided
make[2]: *** [CMakeFiles/test_plant.dir/build.make:63: CMakeFiles/test_plant.dir/src/test_plant.cpp.o] Error 1
make[1]: *** [CMakeFiles/Makefile2:650: CMakeFiles/test_plant.dir/all] Error 2
make: *** [Makefile:141: all] Error 2
