[0.020s] Invoking command in '/home/sangwon/ROS2_turtlesim_ws/build/enc_turtle_cpp': CMAKE_PREFIX_PATH=${CMAKE_PREFIX_PATH}:/opt/ros/foxy /usr/bin/cmake --build /home/sangwon/ROS2_turtlesim_ws/build/enc_turtle_cpp -- -j12 -l12
[0.113s] [  2%] Built target enc_turtle_cpp__cpp
[0.114s] [  8%] Built target enc_turtle_cpp__rosidl_generator_c
[0.127s] [ 13%] Built target bgv_test
[0.129s] [ 17%] Built target turtle_plant
[0.129s] [ 22%] Built target turtle_controller
[0.141s] [ 31%] Built target enc_turtle_cpp__rosidl_typesupport_cpp
[0.141s] [ 35%] Built target enc_turtle_cpp__rosidl_typesupport_introspection_cpp
[0.142s] [ 42%] Built target enc_turtle_cpp__rosidl_typesupport_introspection_c
[0.143s] [ 48%] Built target enc_turtle_cpp__rosidl_typesupport_c
[0.145s] [ 55%] Built target enc_turtle_cpp__rosidl_typesupport_fastrtps_cpp
[0.170s] [ 62%] Built target enc_turtle_cpp__rosidl_typesupport_fastrtps_c
[0.188s] [ 62%] Built target enc_turtle_cpp
[0.200s] [35m[1mScanning dependencies of target test_plant[0m
[0.209s] [ 64%] Built target enc_turtle_cpp__py
[0.216s] [ 68%] Built target test_controller
[0.216s] [ 73%] Built target enc_turtle_plant
[0.220s] [ 77%] Built target enc_turtle_controller
[0.234s] [ 80%] [32mBuilding CXX object CMakeFiles/test_plant.dir/src/test_plant.cpp.o[0m
[0.237s] [ 84%] Built target enc_turtle_cpp__python
[0.262s] [ 88%] Built target enc_turtle_cpp__rosidl_typesupport_fastrtps_c__pyext
[0.263s] [ 93%] Built target enc_turtle_cpp__rosidl_typesupport_c__pyext
[0.265s] [ 97%] Built target enc_turtle_cpp__rosidl_typesupport_introspection_c__pyext
[2.364s] [01m[K/home/sangwon/ROS2_turtlesim_ws/src/enc_turtle_cpp/src/test_plant.cpp:[m[K In constructor â€˜[01m[KTestPlant::TestPlant()[m[Kâ€™:
[2.364s] [01m[K/home/sangwon/ROS2_turtlesim_ws/src/enc_turtle_cpp/src/test_plant.cpp:46:48:[m[K [01;31m[Kerror: [m[Kno matching function for call to â€˜[01m[Klbcrypto::CryptoContextImpl<lbcrypto::DCRTPolyImpl<bigintdyn::mubintvec<bigintdyn::ubint<long unsigned int> > > >::EvalMultKeyGen(lbcrypto::PrivateKey<lbcrypto::DCRTPolyImpl<bigintdyn::mubintvec<bigintdyn::ubint<long unsigned int> > > >&, const string&)[m[Kâ€™
[2.364s]    46 |         cc->EvalMultKeyGen(kp.secretKey, keyTag[01;31m[K)[m[K;
[2.364s]       |                                                [01;31m[K^[m[K
[2.364s] In file included from [01m[K/usr/local/include/openfhe/pke/openfhe.h:54[m[K,
[2.364s]                  from [01m[K/home/sangwon/ROS2_turtlesim_ws/src/enc_turtle_cpp/src/test_plant.cpp:3[m[K:
[2.364s] [01m[K/usr/local/include/openfhe/pke/cryptocontext.h:1862:10:[m[K [01;36m[Knote: [m[Kcandidate: â€˜[01m[Kvoid lbcrypto::CryptoContextImpl<Element>::EvalMultKeyGen(lbcrypto::PrivateKey<Element>) [with Element = lbcrypto::DCRTPolyImpl<bigintdyn::mubintvec<bigintdyn::ubint<long unsigned int> > >; lbcrypto::PrivateKey<Element> = std::shared_ptr<lbcrypto::PrivateKeyImpl<lbcrypto::DCRTPolyImpl<bigintdyn::mubintvec<bigintdyn::ubint<long unsigned int> > > > >][m[Kâ€™
[2.364s]  1862 |     void [01;36m[KEvalMultKeyGen[m[K(const PrivateKey<Element> key);
[2.365s]       |          [01;36m[K^~~~~~~~~~~~~~[m[K
[2.365s] [01m[K/usr/local/include/openfhe/pke/cryptocontext.h:1862:10:[m[K [01;36m[Knote: [m[K  candidate expects 1 argument, 2 provided
[7.884s] make[2]: *** [CMakeFiles/test_plant.dir/build.make:63: CMakeFiles/test_plant.dir/src/test_plant.cpp.o] Error 1
[7.884s] make[1]: *** [CMakeFiles/Makefile2:650: CMakeFiles/test_plant.dir/all] Error 2
[7.884s] make: *** [Makefile:141: all] Error 2
[7.889s] Invoked command in '/home/sangwon/ROS2_turtlesim_ws/build/enc_turtle_cpp' returned '2': CMAKE_PREFIX_PATH=${CMAKE_PREFIX_PATH}:/opt/ros/foxy /usr/bin/cmake --build /home/sangwon/ROS2_turtlesim_ws/build/enc_turtle_cpp -- -j12 -l12
