[01m[K/home/sangwon/ROS2_turtlesim_ws/src/enc_turtle_cpp/src/test_controller.cpp:[m[K In member function â€˜[01m[Kvoid TestController::encrypted_callback(enc_turtle_cpp::msg::EncryptedData_<std::allocator<void> >::SharedPtr)[m[Kâ€™:
[01m[K/home/sangwon/ROS2_turtlesim_ws/src/enc_turtle_cpp/src/test_controller.cpp:67:13:[m[K [01;31m[Kerror: [m[Kâ€˜[01m[Kusing element_type = class lbcrypto::CryptoContextImpl<lbcrypto::DCRTPolyImpl<bigintdyn::mubintvec<bigintdyn::ubint<long unsigned int> > > >[m[Kâ€™ {aka â€˜[01m[Kclass lbcrypto::CryptoContextImpl<lbcrypto::DCRTPolyImpl<bigintdyn::mubintvec<bigintdyn::ubint<long unsigned int> > > >[m[Kâ€™} has no member named â€˜[01m[KSetPublicKey[m[Kâ€™
   67 |         cc->[01;31m[KSetPublicKey[m[K(pubKey);
      |             [01;31m[K^~~~~~~~~~~~[m[K
[01m[K/home/sangwon/ROS2_turtlesim_ws/src/enc_turtle_cpp/src/test_plant.cpp:[m[K In constructor â€˜[01m[KTestPlant::TestPlant()[m[Kâ€™:
[01m[K/home/sangwon/ROS2_turtlesim_ws/src/enc_turtle_cpp/src/test_plant.cpp:73:53:[m[K [01;31m[Kerror: [m[Kno matching function for call to â€˜[01m[Klbcrypto::CryptoContextImpl<lbcrypto::DCRTPolyImpl<bigintdyn::mubintvec<bigintdyn::ubint<long unsigned int> > > >::GetEvalMultKeyVector()[m[Kâ€™
   73 |         auto evalMultKey = cc->GetEvalMultKeyVector([01;31m[K)[m[K;
      |                                                     [01;31m[K^[m[K
In file included from [01m[K/usr/local/include/openfhe/pke/openfhe.h:54[m[K,
                 from [01m[K/home/sangwon/ROS2_turtlesim_ws/src/enc_turtle_cpp/src/test_plant.cpp:3[m[K:
[01m[K/usr/local/include/openfhe/pke/cryptocontext.h:1076:49:[m[K [01;36m[Knote: [m[Kcandidate: â€˜[01m[Kstatic const std::vector<std::shared_ptr<lbcrypto::EvalKeyImpl<Element> > >& lbcrypto::CryptoContextImpl<Element>::GetEvalMultKeyVector(const string&) [with Element = lbcrypto::DCRTPolyImpl<bigintdyn::mubintvec<bigintdyn::ubint<long unsigned int> > >; std::string = std::__cxx11::basic_string<char>][m[Kâ€™
 1076 |     static const std::vector<EvalKey<Element>>& [01;36m[KGetEvalMultKeyVector[m[K(const std::string& keyTag);
      |                                                 [01;36m[K^~~~~~~~~~~~~~~~~~~~[m[K
[01m[K/usr/local/include/openfhe/pke/cryptocontext.h:1076:49:[m[K [01;36m[Knote: [m[K  candidate expects 1 argument, 0 provided
make[2]: *** [CMakeFiles/test_controller.dir/build.make:63: CMakeFiles/test_controller.dir/src/test_controller.cpp.o] Error 1
make[1]: *** [CMakeFiles/Makefile2:483: CMakeFiles/test_controller.dir/all] Error 2
make[1]: *** Waiting for unfinished jobs....
make[2]: *** [CMakeFiles/test_plant.dir/build.make:63: CMakeFiles/test_plant.dir/src/test_plant.cpp.o] Error 1
make[1]: *** [CMakeFiles/Makefile2:650: CMakeFiles/test_plant.dir/all] Error 2
make: *** [Makefile:141: all] Error 2
