[0.016s] Invoking command in '/home/sangwon/ROS2_turtlesim_ws/build/enc_turtle_cpp': CMAKE_PREFIX_PATH=${CMAKE_PREFIX_PATH}:/opt/ros/foxy /usr/bin/cmake --build /home/sangwon/ROS2_turtlesim_ws/build/enc_turtle_cpp -- -j12 -l12
[0.071s] [  2%] Built target enc_turtle_cpp__cpp
[0.073s] [  8%] Built target enc_turtle_cpp__rosidl_generator_c
[0.074s] [ 13%] Built target bgv_test
[0.085s] [ 22%] Built target turtle_plant
[0.085s] [ 22%] Built target turtle_controller
[0.096s] [ 28%] Built target enc_turtle_cpp__rosidl_typesupport_introspection_cpp
[0.097s] [ 35%] Built target enc_turtle_cpp__rosidl_typesupport_cpp
[0.098s] [ 42%] Built target enc_turtle_cpp__rosidl_typesupport_introspection_c
[0.098s] [ 48%] Built target enc_turtle_cpp__rosidl_typesupport_c
[0.100s] [ 55%] Built target enc_turtle_cpp__rosidl_typesupport_fastrtps_cpp
[0.123s] [ 62%] Built target enc_turtle_cpp__rosidl_typesupport_fastrtps_c
[0.143s] [ 62%] Built target enc_turtle_cpp
[0.154s] [35m[1mScanning dependencies of target test_controller[0m
[0.154s] [35m[1mScanning dependencies of target test_plant[0m
[0.162s] [ 64%] Built target enc_turtle_cpp__py
[0.173s] [ 68%] Built target enc_turtle_controller
[0.174s] [ 73%] Built target enc_turtle_plant
[0.185s] [ 75%] [32mBuilding CXX object CMakeFiles/test_plant.dir/src/test_plant.cpp.o[0m
[0.186s] [ 77%] [32mBuilding CXX object CMakeFiles/test_controller.dir/src/test_controller.cpp.o[0m
[0.187s] [ 82%] Built target enc_turtle_cpp__python
[0.214s] [ 86%] Built target enc_turtle_cpp__rosidl_typesupport_introspection_c__pyext
[0.215s] [ 91%] Built target enc_turtle_cpp__rosidl_typesupport_c__pyext
[0.217s] [ 95%] Built target enc_turtle_cpp__rosidl_typesupport_fastrtps_c__pyext
[2.204s] [01m[K/home/sangwon/ROS2_turtlesim_ws/src/enc_turtle_cpp/src/test_controller.cpp:[m[K In member function â€˜[01m[Kvoid TestController::encrypted_callback(enc_turtle_cpp::msg::EncryptedData_<std::allocator<void> >::SharedPtr)[m[Kâ€™:
[2.204s] [01m[K/home/sangwon/ROS2_turtlesim_ws/src/enc_turtle_cpp/src/test_controller.cpp:67:13:[m[K [01;31m[Kerror: [m[Kâ€˜[01m[Kusing element_type = class lbcrypto::CryptoContextImpl<lbcrypto::DCRTPolyImpl<bigintdyn::mubintvec<bigintdyn::ubint<long unsigned int> > > >[m[Kâ€™ {aka â€˜[01m[Kclass lbcrypto::CryptoContextImpl<lbcrypto::DCRTPolyImpl<bigintdyn::mubintvec<bigintdyn::ubint<long unsigned int> > > >[m[Kâ€™} has no member named â€˜[01m[KSetPublicKey[m[Kâ€™
[2.204s]    67 |         cc->[01;31m[KSetPublicKey[m[K(pubKey);
[2.204s]       |             [01;31m[K^~~~~~~~~~~~[m[K
[2.212s] [01m[K/home/sangwon/ROS2_turtlesim_ws/src/enc_turtle_cpp/src/test_plant.cpp:[m[K In constructor â€˜[01m[KTestPlant::TestPlant()[m[Kâ€™:
[2.212s] [01m[K/home/sangwon/ROS2_turtlesim_ws/src/enc_turtle_cpp/src/test_plant.cpp:73:53:[m[K [01;31m[Kerror: [m[Kno matching function for call to â€˜[01m[Klbcrypto::CryptoContextImpl<lbcrypto::DCRTPolyImpl<bigintdyn::mubintvec<bigintdyn::ubint<long unsigned int> > > >::GetEvalMultKeyVector()[m[Kâ€™
[2.212s]    73 |         auto evalMultKey = cc->GetEvalMultKeyVector([01;31m[K)[m[K;
[2.212s]       |                                                     [01;31m[K^[m[K
[2.212s] In file included from [01m[K/usr/local/include/openfhe/pke/openfhe.h:54[m[K,
[2.212s]                  from [01m[K/home/sangwon/ROS2_turtlesim_ws/src/enc_turtle_cpp/src/test_plant.cpp:3[m[K:
[2.212s] [01m[K/usr/local/include/openfhe/pke/cryptocontext.h:1076:49:[m[K [01;36m[Knote: [m[Kcandidate: â€˜[01m[Kstatic const std::vector<std::shared_ptr<lbcrypto::EvalKeyImpl<Element> > >& lbcrypto::CryptoContextImpl<Element>::GetEvalMultKeyVector(const string&) [with Element = lbcrypto::DCRTPolyImpl<bigintdyn::mubintvec<bigintdyn::ubint<long unsigned int> > >; std::string = std::__cxx11::basic_string<char>][m[Kâ€™
[2.212s]  1076 |     static const std::vector<EvalKey<Element>>& [01;36m[KGetEvalMultKeyVector[m[K(const std::string& keyTag);
[2.212s]       |                                                 [01;36m[K^~~~~~~~~~~~~~~~~~~~[m[K
[2.212s] [01m[K/usr/local/include/openfhe/pke/cryptocontext.h:1076:49:[m[K [01;36m[Knote: [m[K  candidate expects 1 argument, 0 provided
[7.851s] make[2]: *** [CMakeFiles/test_controller.dir/build.make:63: CMakeFiles/test_controller.dir/src/test_controller.cpp.o] Error 1
[7.851s] make[1]: *** [CMakeFiles/Makefile2:483: CMakeFiles/test_controller.dir/all] Error 2
[7.851s] make[1]: *** Waiting for unfinished jobs....
[7.904s] make[2]: *** [CMakeFiles/test_plant.dir/build.make:63: CMakeFiles/test_plant.dir/src/test_plant.cpp.o] Error 1
[7.905s] make[1]: *** [CMakeFiles/Makefile2:650: CMakeFiles/test_plant.dir/all] Error 2
[7.905s] make: *** [Makefile:141: all] Error 2
[7.909s] Invoked command in '/home/sangwon/ROS2_turtlesim_ws/build/enc_turtle_cpp' returned '2': CMAKE_PREFIX_PATH=${CMAKE_PREFIX_PATH}:/opt/ros/foxy /usr/bin/cmake --build /home/sangwon/ROS2_turtlesim_ws/build/enc_turtle_cpp -- -j12 -l12
