[0.017s] Invoking command in '/home/sangwon/ROS2_turtlesim_ws/build/enc_turtle_cpp': CMAKE_PREFIX_PATH=${CMAKE_PREFIX_PATH}:/opt/ros/foxy /usr/bin/cmake --build /home/sangwon/ROS2_turtlesim_ws/build/enc_turtle_cpp -- -j12 -l12
[0.074s] [  4%] Built target enc_turtle_cpp__cpp
[0.074s] [  8%] Built target enc_turtle_cpp__rosidl_generator_c
[0.082s] [ 13%] Built target bgv_test
[0.086s] [ 17%] Built target turtle_controller
[0.086s] [ 22%] Built target turtle_plant
[0.099s] [ 28%] Built target enc_turtle_cpp__rosidl_typesupport_c
[0.101s] [ 35%] Built target enc_turtle_cpp__rosidl_typesupport_cpp
[0.101s] [ 42%] Built target enc_turtle_cpp__rosidl_typesupport_introspection_c
[0.103s] [ 48%] Built target enc_turtle_cpp__rosidl_typesupport_introspection_cpp
[0.105s] [ 55%] Built target enc_turtle_cpp__rosidl_typesupport_fastrtps_cpp
[0.129s] [ 62%] Built target enc_turtle_cpp__rosidl_typesupport_fastrtps_c
[0.148s] [ 62%] Built target enc_turtle_cpp
[0.160s] [35m[1mScanning dependencies of target test_plant[0m
[0.162s] [35m[1mScanning dependencies of target test_controller[0m
[0.169s] [ 64%] Built target enc_turtle_cpp__py
[0.179s] [ 68%] Built target enc_turtle_plant
[0.180s] [ 73%] Built target enc_turtle_controller
[0.191s] [ 75%] [32mBuilding CXX object CMakeFiles/test_plant.dir/src/test_plant.cpp.o[0m
[0.193s] [ 77%] [32mBuilding CXX object CMakeFiles/test_controller.dir/src/test_controller.cpp.o[0m
[0.194s] [ 82%] Built target enc_turtle_cpp__python
[0.220s] [ 86%] Built target enc_turtle_cpp__rosidl_typesupport_fastrtps_c__pyext
[0.221s] [ 91%] Built target enc_turtle_cpp__rosidl_typesupport_c__pyext
[0.222s] [ 95%] Built target enc_turtle_cpp__rosidl_typesupport_introspection_c__pyext
[2.214s] [01m[K/home/sangwon/ROS2_turtlesim_ws/src/enc_turtle_cpp/src/test_controller.cpp:[m[K In member function â€˜[01m[Kvoid TestController::encrypted_callback(enc_turtle_cpp::msg::EncryptedData_<std::allocator<void> >::SharedPtr)[m[Kâ€™:
[2.215s] [01m[K/home/sangwon/ROS2_turtlesim_ws/src/enc_turtle_cpp/src/test_controller.cpp:60:31:[m[K [01;31m[Kerror: [m[Kcannot convert â€˜[01m[Kstd::map<unsigned int, std::shared_ptr<lbcrypto::EvalKeyImpl<lbcrypto::DCRTPolyImpl<bigintdyn::mubintvec<bigintdyn::ubint<long unsigned int> > > > >, std::less<unsigned int>, std::allocator<std::pair<const unsigned int, std::shared_ptr<lbcrypto::EvalKeyImpl<lbcrypto::DCRTPolyImpl<bigintdyn::mubintvec<bigintdyn::ubint<long unsigned int> > > > > > > >[m[Kâ€™ to â€˜[01m[Kconst std::vector<std::shared_ptr<lbcrypto::EvalKeyImpl<lbcrypto::DCRTPolyImpl<bigintdyn::mubintvec<bigintdyn::ubint<long unsigned int> > > > >, std::allocator<std::shared_ptr<lbcrypto::EvalKeyImpl<lbcrypto::DCRTPolyImpl<bigintdyn::mubintvec<bigintdyn::ubint<long unsigned int> > > > > > >&[m[Kâ€™
[2.215s]    60 |         cc->InsertEvalMultKey([01;31m[KevalMultKey[m[K);
[2.215s]       |                               [01;31m[K^~~~~~~~~~~[m[K
[2.215s]       |                               [01;31m[K|[m[K
[2.215s]       |                               [01;31m[Kstd::map<unsigned int, std::shared_ptr<lbcrypto::EvalKeyImpl<lbcrypto::DCRTPolyImpl<bigintdyn::mubintvec<bigintdyn::ubint<long unsigned int> > > > >, std::less<unsigned int>, std::allocator<std::pair<const unsigned int, std::shared_ptr<lbcrypto::EvalKeyImpl<lbcrypto::DCRTPolyImpl<bigintdyn::mubintvec<bigintdyn::ubint<long unsigned int> > > > > > > >[m[K
[2.215s] In file included from [01m[K/usr/local/include/openfhe/pke/openfhe.h:54[m[K,
[2.215s]                  from [01m[K/home/sangwon/ROS2_turtlesim_ws/src/enc_turtle_cpp/src/test_controller.cpp:3[m[K:
[2.215s] [01m[K/usr/local/include/openfhe/pke/cryptocontext.h:716:72:[m[K [01;36m[Knote: [m[K  initializing argument 1 of â€˜[01m[Kstatic void lbcrypto::CryptoContextImpl<Element>::InsertEvalMultKey(const std::vector<std::shared_ptr<lbcrypto::EvalKeyImpl<Element> > >&, const string&) [with Element = lbcrypto::DCRTPolyImpl<bigintdyn::mubintvec<bigintdyn::ubint<long unsigned int> > >; std::string = std::__cxx11::basic_string<char>][m[Kâ€™
[2.215s]   716 |     static void InsertEvalMultKey([01;36m[Kconst std::vector<EvalKey<Element>>& evalKeyVec[m[K, const std::string& keyTag = "");
[2.215s]       |                                   [01;36m[K~~~~~~~~~~~~~~~~~~~~~~~~~~~~~~~~~~~~~^~~~~~~~~~[m[K
[2.224s] [01m[K/home/sangwon/ROS2_turtlesim_ws/src/enc_turtle_cpp/src/test_plant.cpp:[m[K In constructor â€˜[01m[KTestPlant::TestPlant()[m[Kâ€™:
[2.224s] [01m[K/home/sangwon/ROS2_turtlesim_ws/src/enc_turtle_cpp/src/test_plant.cpp:73:31:[m[K [01;31m[Kerror: [m[Kâ€˜[01m[Kusing element_type = class lbcrypto::CryptoContextImpl<lbcrypto::DCRTPolyImpl<bigintdyn::mubintvec<bigintdyn::ubint<long unsigned int> > > >[m[Kâ€™ {aka â€˜[01m[Kclass lbcrypto::CryptoContextImpl<lbcrypto::DCRTPolyImpl<bigintdyn::mubintvec<bigintdyn::ubint<long unsigned int> > > >[m[Kâ€™} has no member named â€˜[01m[KGetEvalMultKeyMap[m[Kâ€™; did you mean â€˜[01m[KGetEvalSumKeyMap[m[Kâ€™?
[2.224s]    73 |         Serial::Serialize(cc->[01;31m[KGetEvalMultKeyMap[m[K(), ss_evalkey, SerType::BINARY);
[2.224s]       |                               [01;31m[K^~~~~~~~~~~~~~~~~[m[K
[2.224s]       |                               [32m[KGetEvalSumKeyMap[m[K
[8.074s] make[2]: *** [CMakeFiles/test_plant.dir/build.make:63: CMakeFiles/test_plant.dir/src/test_plant.cpp.o] Error 1
[8.074s] make[1]: *** [CMakeFiles/Makefile2:650: CMakeFiles/test_plant.dir/all] Error 2
[8.074s] make[1]: *** Waiting for unfinished jobs....
[8.080s] make[2]: *** [CMakeFiles/test_controller.dir/build.make:63: CMakeFiles/test_controller.dir/src/test_controller.cpp.o] Error 1
[8.080s] make[1]: *** [CMakeFiles/Makefile2:483: CMakeFiles/test_controller.dir/all] Error 2
[8.080s] make: *** [Makefile:141: all] Error 2
[8.085s] Invoked command in '/home/sangwon/ROS2_turtlesim_ws/build/enc_turtle_cpp' returned '2': CMAKE_PREFIX_PATH=${CMAKE_PREFIX_PATH}:/opt/ros/foxy /usr/bin/cmake --build /home/sangwon/ROS2_turtlesim_ws/build/enc_turtle_cpp -- -j12 -l12
