[  2%] Built target enc_turtle_cpp__cpp
[  9%] Built target enc_turtle_cpp__rosidl_generator_c
[ 14%] Built target bgv_test
[ 19%] Built target turtle_plant
[ 24%] Built target turtle_controller
[ 31%] Built target enc_turtle_cpp__rosidl_typesupport_cpp
[ 39%] Built target enc_turtle_cpp__rosidl_typesupport_c
[ 46%] Built target enc_turtle_cpp__rosidl_typesupport_fastrtps_cpp
[ 53%] Built target enc_turtle_cpp__rosidl_typesupport_introspection_cpp
[ 60%] Built target enc_turtle_cpp__rosidl_typesupport_introspection_c
[ 68%] Built target enc_turtle_cpp__rosidl_typesupport_fastrtps_c
[ 68%] Built target enc_turtle_cpp
[35m[1mScanning dependencies of target enc_turtle_plant[0m
[35m[1mScanning dependencies of target enc_turtle_controller[0m
[ 70%] Built target enc_turtle_cpp__py
[ 73%] [32mBuilding CXX object CMakeFiles/enc_turtle_plant.dir/src/enc_turtle_plant.cpp.o[0m
[ 75%] [32mBuilding CXX object CMakeFiles/enc_turtle_controller.dir/src/enc_turtle_controller.cpp.o[0m
[ 80%] Built target enc_turtle_cpp__python
[ 85%] Built target enc_turtle_cpp__rosidl_typesupport_introspection_c__pyext
[ 90%] Built target enc_turtle_cpp__rosidl_typesupport_fastrtps_c__pyext
[ 95%] Built target enc_turtle_cpp__rosidl_typesupport_c__pyext
[01m[K/home/sangwon/ROS2_turtlesim_ws/src/enc_turtle_cpp/src/enc_turtle_controller.cpp:[m[K In constructor â€˜[01m[KEncTurtleController::EncTurtleController()[m[Kâ€™:
[01m[K/home/sangwon/ROS2_turtlesim_ws/src/enc_turtle_cpp/src/enc_turtle_controller.cpp:21:34:[m[K [01;31m[Kerror: [m[Kâ€˜[01m[KENCRYPTION[m[Kâ€™ is not a member of â€˜[01m[Klbcrypto::PKESchemeFeature[m[Kâ€™
   21 |     cc->Enable(PKESchemeFeature::[01;31m[KENCRYPTION[m[K |
      |                                  [01;31m[K^~~~~~~~~~[m[K
[01m[K/home/sangwon/ROS2_turtlesim_ws/src/enc_turtle_cpp/src/enc_turtle_controller.cpp:22:33:[m[K [01;31m[Kerror: [m[Kâ€˜[01m[KSHE[m[Kâ€™ is not a member of â€˜[01m[Klbcrypto::PKESchemeFeature[m[Kâ€™
   22 |               PKESchemeFeature::[01;31m[KSHE[m[K |
      |                                 [01;31m[K^~~[m[K
[01m[K/home/sangwon/ROS2_turtlesim_ws/src/enc_turtle_cpp/src/enc_turtle_plant.cpp:[m[K In constructor â€˜[01m[KEncTurtlePlant::EncTurtlePlant()[m[Kâ€™:
[01m[K/home/sangwon/ROS2_turtlesim_ws/src/enc_turtle_cpp/src/enc_turtle_plant.cpp:22:34:[m[K [01;31m[Kerror: [m[Kâ€˜[01m[KENCRYPTION[m[Kâ€™ is not a member of â€˜[01m[Klbcrypto::PKESchemeFeature[m[Kâ€™
   22 |     cc->Enable(PKESchemeFeature::[01;31m[KENCRYPTION[m[K |
      |                                  [01;31m[K^~~~~~~~~~[m[K
[01m[K/home/sangwon/ROS2_turtlesim_ws/src/enc_turtle_cpp/src/enc_turtle_plant.cpp:23:33:[m[K [01;31m[Kerror: [m[Kâ€˜[01m[KSHE[m[Kâ€™ is not a member of â€˜[01m[Klbcrypto::PKESchemeFeature[m[Kâ€™
   23 |               PKESchemeFeature::[01;31m[KSHE[m[K |
      |                                 [01;31m[K^~~[m[K
make[2]: *** [CMakeFiles/enc_turtle_controller.dir/build.make:63: CMakeFiles/enc_turtle_controller.dir/src/enc_turtle_controller.cpp.o] Error 1
make[1]: *** [CMakeFiles/Makefile2:159: CMakeFiles/enc_turtle_controller.dir/all] Error 2
make[1]: *** Waiting for unfinished jobs....
make[2]: *** [CMakeFiles/enc_turtle_plant.dir/build.make:63: CMakeFiles/enc_turtle_plant.dir/src/enc_turtle_plant.cpp.o] Error 1
make[1]: *** [CMakeFiles/Makefile2:445: CMakeFiles/enc_turtle_plant.dir/all] Error 2
make: *** [Makefile:141: all] Error 2
