[0.000000] (-) TimerEvent: {}
[0.000407] (-) JobUnselected: {'identifier': 'turtle_demo_controller'}
[0.000465] (enc_turtle_cpp) JobQueued: {'identifier': 'enc_turtle_cpp', 'dependencies': OrderedDict()}
[0.000484] (enc_turtle_cpp) JobStarted: {'identifier': 'enc_turtle_cpp'}
[0.009297] (enc_turtle_cpp) JobProgress: {'identifier': 'enc_turtle_cpp', 'progress': 'cmake'}
[0.009949] (enc_turtle_cpp) JobProgress: {'identifier': 'enc_turtle_cpp', 'progress': 'build'}
[0.010869] (enc_turtle_cpp) Command: {'cmd': ['/usr/bin/cmake', '--build', '/home/sangwon/ROS2_turtlesim_ws/build/enc_turtle_cpp', '--', '-j12', '-l12'], 'cwd': '/home/sangwon/ROS2_turtlesim_ws/build/enc_turtle_cpp', 'env': OrderedDict([('LESSOPEN', '| /usr/bin/lesspipe %s'), ('USER', 'sangwon'), ('GIT_ASKPASS', '/home/sangwon/.cursor-server/bin/02270c8441bdc4b2fdbc30e6f470a589ec78d600/extensions/git/dist/askpass.sh'), ('SHLVL', '2'), ('LD_LIBRARY_PATH', '/usr/lib/x86_64-linux-gnu/gazebo-11/plugins:/opt/ros/foxy/opt/yaml_cpp_vendor/lib:/opt/ros/foxy/opt/rviz_ogre_vendor/lib:/opt/ros/foxy/lib/x86_64-linux-gnu:/opt/ros/foxy/lib'), ('WT_PROFILE_ID', '{61c54bbd-c2c6-5271-96e7-009a87ff44bf}'), ('MOTD_SHOWN', 'update-motd'), ('HOME', '/home/sangwon'), ('OLDPWD', '/home/sangwon/ROS2_turtlesim_ws'), ('TERM_PROGRAM_VERSION', '0.50.7'), ('VSCODE_IPC_HOOK_CLI', '/run/user/1000/vscode-ipc-bd24ec93-b3db-40ce-af66-59a4217c209d.sock'), ('ROS_PYTHON_VERSION', '3'), ('VSCODE_GIT_ASKPASS_MAIN', '/home/sangwon/.cursor-server/bin/02270c8441bdc4b2fdbc30e6f470a589ec78d600/extensions/git/dist/askpass-main.js'), ('VSCODE_GIT_ASKPASS_NODE', '/home/sangwon/.cursor-server/bin/02270c8441bdc4b2fdbc30e6f470a589ec78d600/node'), ('GOROOT', '/usr/local/go'), ('DBUS_SESSION_BUS_ADDRESS', 'unix:path=/run/user/1000/bus'), ('COLORTERM', 'truecolor'), ('WSL_DISTRO_NAME', 'Ubuntu-20.04'), ('_colcon_cd_root', '/home/sangwon/gcamp_ros2_ws'), ('WAYLAND_DISPLAY', 'wayland-0'), ('COLCON_PREFIX_PATH', '/home/sangwon/ROS2_turtlesim_ws/install'), ('ROS_DISTRO', 'foxy'), ('LOGNAME', 'sangwon'), ('NAME', 'Cursor'), ('WSL_INTEROP', '/run/WSL/344188_interop'), ('PULSE_SERVER', 'unix:/mnt/wslg/PulseServer'), ('_', '/usr/bin/colcon'), ('ROS_VERSION', '2'), ('PKG_CONFIG_PATH', '/usr/local/lib/pkgconfig:/usr/local/lib/pkgconfig:'), ('TERM', 'xterm-256color'), ('ROS_LOCALHOST_ONLY', '0'), ('PATH', '/home/sangwon/.cursor-server/bin/02270c8441bdc4b2fdbc30e6f470a589ec78d600/bin/remote-cli:/home/sangwon/.local/bin:/opt/ros/foxy/bin:/usr/local/sbin:/usr/local/bin:/usr/sbin:/usr/bin:/sbin:/bin:/usr/games:/usr/local/games:/usr/lib/wsl/lib:/mnt/c/Python38/Scripts/:/mnt/c/Python38/:/mnt/c/WINDOWS/system32:/mnt/c/WINDOWS:/mnt/c/WINDOWS/System32/Wbem:/mnt/c/WINDOWS/System32/WindowsPowerShell/v1.0/:/mnt/c/WINDOWS/System32/OpenSSH/:/mnt/c/Program Files/dotnet/:/mnt/c/ProgramData/chocolatey/bin:/mnt/c/Program Files/Docker/Docker/resources/bin:/mnt/c/Program Files/Go/bin:/mnt/c/Program Files/MATLAB/R2024a/bin:/mnt/c/Program Files/Git/cmd:/mnt/c/Program Files (x86)/Windows Kits/10/Windows Performance Toolkit/:/mnt/c/Program Files/Bandizip/:/mnt/c/Users/sang2/AppData/Local/Programs/cursor/resources/app/bin:/mnt/c/Users/sang2/AppData/Local/Microsoft/WindowsApps:/mnt/c/Users/sang2/AppData/Local/Programs/Microsoft VS Code/bin:/mnt/c/Users/sang2/go/bin:/mnt/c/texlive/2024/bin/windows:/mnt/c/Users/sang2/AppData/Local/Programs/cursor/resources/app/bin:/snap/bin:/usr/local/go/bin:/home/sangwon/go/bin:/usr/local/go/bin:/home/sangwon/go/bin'), ('WT_SESSION', '11ea8a6a-273f-4f01-a734-76267bbc8b3f'), ('XDG_RUNTIME_DIR', '/run/user/1000/'), ('DISPLAY', ':0'), ('LANG', 'en_US.UTF-8'), ('LS_COLORS', 'rs=0:di=01;34:ln=01;36:mh=00:pi=40;33:so=01;35:do=01;35:bd=40;33;01:cd=40;33;01:or=40;31;01:mi=00:su=37;41:sg=30;43:ca=30;41:tw=30;42:ow=34;42:st=37;44:ex=01;32:*.tar=01;31:*.tgz=01;31:*.arc=01;31:*.arj=01;31:*.taz=01;31:*.lha=01;31:*.lz4=01;31:*.lzh=01;31:*.lzma=01;31:*.tlz=01;31:*.txz=01;31:*.tzo=01;31:*.t7z=01;31:*.zip=01;31:*.z=01;31:*.dz=01;31:*.gz=01;31:*.lrz=01;31:*.lz=01;31:*.lzo=01;31:*.xz=01;31:*.zst=01;31:*.tzst=01;31:*.bz2=01;31:*.bz=01;31:*.tbz=01;31:*.tbz2=01;31:*.tz=01;31:*.deb=01;31:*.rpm=01;31:*.jar=01;31:*.war=01;31:*.ear=01;31:*.sar=01;31:*.rar=01;31:*.alz=01;31:*.ace=01;31:*.zoo=01;31:*.cpio=01;31:*.7z=01;31:*.rz=01;31:*.cab=01;31:*.wim=01;31:*.swm=01;31:*.dwm=01;31:*.esd=01;31:*.jpg=01;35:*.jpeg=01;35:*.mjpg=01;35:*.mjpeg=01;35:*.gif=01;35:*.bmp=01;35:*.pbm=01;35:*.pgm=01;35:*.ppm=01;35:*.tga=01;35:*.xbm=01;35:*.xpm=01;35:*.tif=01;35:*.tiff=01;35:*.png=01;35:*.svg=01;35:*.svgz=01;35:*.mng=01;35:*.pcx=01;35:*.mov=01;35:*.mpg=01;35:*.mpeg=01;35:*.m2v=01;35:*.mkv=01;35:*.webm=01;35:*.ogm=01;35:*.mp4=01;35:*.m4v=01;35:*.mp4v=01;35:*.vob=01;35:*.qt=01;35:*.nuv=01;35:*.wmv=01;35:*.asf=01;35:*.rm=01;35:*.rmvb=01;35:*.flc=01;35:*.avi=01;35:*.fli=01;35:*.flv=01;35:*.gl=01;35:*.dl=01;35:*.xcf=01;35:*.xwd=01;35:*.yuv=01;35:*.cgm=01;35:*.emf=01;35:*.ogv=01;35:*.ogx=01;35:*.aac=00;36:*.au=00;36:*.flac=00;36:*.m4a=00;36:*.mid=00;36:*.midi=00;36:*.mka=00;36:*.mp3=00;36:*.mpc=00;36:*.ogg=00;36:*.ra=00;36:*.wav=00;36:*.oga=00;36:*.opus=00;36:*.spx=00;36:*.xspf=00;36:'), ('VSCODE_GIT_IPC_HANDLE', '/run/user/1000/vscode-git-0e4c32d764.sock'), ('TERM_PROGRAM', 'vscode'), ('AMENT_PREFIX_PATH', '/home/sangwon/ROS2_turtlesim_ws/install/turtle_demo_controller:/opt/ros/foxy'), ('SHELL', '/bin/bash'), ('GOPATH', '/home/sangwon/go'), ('LESSCLOSE', '/usr/bin/lesspipe %s %s'), ('GAZEBO_RESOURCE_PATH', '/usr/share/gazebo-11:/your/additional/paths'), ('VSCODE_GIT_ASKPASS_EXTRA_ARGS', ''), ('PWD', '/home/sangwon/ROS2_turtlesim_ws/build/enc_turtle_cpp'), ('XDG_DATA_DIRS', '/usr/local/share:/usr/share:/var/lib/snapd/desktop'), ('PYTHONPATH', '/home/sangwon/ROS2_turtlesim_ws/build/turtle_demo_controller:/home/sangwon/ROS2_turtlesim_ws/install/turtle_demo_controller/lib/python3.8/site-packages:/opt/ros/foxy/lib/python3.8/site-packages:/home/sangwon/.local/lib/python3.8/site-packages:/home/sangwon/.local/lib/python3.8/site-packages'), ('COLCON', '1'), ('WSL2_GUI_APPS_ENABLED', '1'), ('HOSTTYPE', 'x86_64'), ('WSLENV', 'ELECTRON_RUN_AS_NODE/w:WT_SESSION:WT_PROFILE_ID:'), ('CMAKE_PREFIX_PATH', '/home/sangwon/ROS2_turtlesim_ws/install/turtle_demo_controller:/opt/ros/foxy')]), 'shell': False}
[0.059078] (enc_turtle_cpp) StdoutLine: {'line': b'\x1b[35m\x1b[1mScanning dependencies of target bgv_test\x1b[0m\n'}
[0.069920] (enc_turtle_cpp) StdoutLine: {'line': b'[  2%] Built target enc_turtle_cpp__cpp\n'}
[0.070463] (enc_turtle_cpp) StdoutLine: {'line': b'[  4%] \x1b[32mBuilding CXX object CMakeFiles/bgv_test.dir/src/bgv_test.cpp.o\x1b[0m\n'}
[0.071294] (enc_turtle_cpp) StdoutLine: {'line': b'[ 12%] Built target enc_turtle_cpp__rosidl_generator_c\n'}
[0.078658] (enc_turtle_cpp) StdoutLine: {'line': b'[ 17%] Built target turtle_controller\n'}
[0.079642] (enc_turtle_cpp) StdoutLine: {'line': b'[ 21%] Built target turtle_plant\n'}
[0.091413] (enc_turtle_cpp) StdoutLine: {'line': b'[ 29%] Built target enc_turtle_cpp__rosidl_typesupport_c\n'}
[0.092007] (enc_turtle_cpp) StdoutLine: {'line': b'[ 36%] Built target enc_turtle_cpp__rosidl_typesupport_cpp\n'}
[0.092248] (enc_turtle_cpp) StdoutLine: {'line': b'[ 43%] Built target enc_turtle_cpp__rosidl_typesupport_introspection_c\n'}
[0.093456] (enc_turtle_cpp) StdoutLine: {'line': b'[ 51%] Built target enc_turtle_cpp__rosidl_typesupport_introspection_cpp\n'}
[0.096993] (enc_turtle_cpp) StdoutLine: {'line': b'[ 58%] Built target enc_turtle_cpp__rosidl_typesupport_fastrtps_cpp\n'}
[0.099603] (-) TimerEvent: {}
[0.124332] (enc_turtle_cpp) StdoutLine: {'line': b'[ 65%] Built target enc_turtle_cpp__rosidl_typesupport_fastrtps_c\n'}
[0.144606] (enc_turtle_cpp) StdoutLine: {'line': b'[ 65%] Built target enc_turtle_cpp\n'}
[0.165762] (enc_turtle_cpp) StdoutLine: {'line': b'[ 68%] Built target enc_turtle_cpp__py\n'}
[0.175030] (enc_turtle_cpp) StdoutLine: {'line': b'[ 75%] Built target enc_turtle_controller\n'}
[0.175263] (enc_turtle_cpp) StdoutLine: {'line': b'[ 78%] Built target enc_turtle_plant\n'}
[0.190260] (enc_turtle_cpp) StdoutLine: {'line': b'[ 82%] Built target enc_turtle_cpp__python\n'}
[0.199710] (-) TimerEvent: {}
[0.215376] (enc_turtle_cpp) StdoutLine: {'line': b'[ 97%] Built target enc_turtle_cpp__rosidl_typesupport_fastrtps_c__pyext\n'}
[0.215728] (enc_turtle_cpp) StdoutLine: {'line': b'[ 97%] Built target enc_turtle_cpp__rosidl_typesupport_c__pyext\n'}
[0.215828] (enc_turtle_cpp) StdoutLine: {'line': b'[ 97%] Built target enc_turtle_cpp__rosidl_typesupport_introspection_c__pyext\n'}
[0.299848] (-) TimerEvent: {}
[0.400201] (-) TimerEvent: {}
[0.500593] (-) TimerEvent: {}
[0.600980] (-) TimerEvent: {}
[0.701370] (-) TimerEvent: {}
[0.801727] (-) TimerEvent: {}
[0.902233] (-) TimerEvent: {}
[1.002727] (-) TimerEvent: {}
[1.103139] (-) TimerEvent: {}
[1.203494] (-) TimerEvent: {}
[1.233480] (enc_turtle_cpp) StderrLine: {'line': b'\x1b[01m\x1b[K/home/sangwon/ROS2_turtlesim_ws/src/enc_turtle_cpp/src/bgv_test.cpp:\x1b[m\x1b[K In function \xe2\x80\x98\x1b[01m\x1b[Kint main()\x1b[m\x1b[K\xe2\x80\x99:\n'}
[1.233763] (enc_turtle_cpp) StderrLine: {'line': b'\x1b[01m\x1b[K/home/sangwon/ROS2_turtlesim_ws/src/enc_turtle_cpp/src/bgv_test.cpp:12:14:\x1b[m\x1b[K \x1b[01;31m\x1b[Kerror: \x1b[m\x1b[K\xe2\x80\x98\x1b[01m\x1b[KCryptoContextBGVRNS\x1b[m\x1b[K\xe2\x80\x99 was not declared in this scope\n'}
[1.233831] (enc_turtle_cpp) StderrLine: {'line': b'   12 |     CCParams<\x1b[01;31m\x1b[KCryptoContextBGVRNS\x1b[m\x1b[K> parameters;\n'}
[1.233880] (enc_turtle_cpp) StderrLine: {'line': b'      |              \x1b[01;31m\x1b[K^~~~~~~~~~~~~~~~~~~\x1b[m\x1b[K\n'}
[1.233923] (enc_turtle_cpp) StderrLine: {'line': b'\x1b[01m\x1b[K/home/sangwon/ROS2_turtlesim_ws/src/enc_turtle_cpp/src/bgv_test.cpp:12:33:\x1b[m\x1b[K \x1b[01;31m\x1b[Kerror: \x1b[m\x1b[Ktemplate argument 1 is invalid\n'}
[1.233964] (enc_turtle_cpp) StderrLine: {'line': b'   12 |     CCParams<CryptoContextBGVRNS\x1b[01;31m\x1b[K>\x1b[m\x1b[K parameters;\n'}
[1.234003] (enc_turtle_cpp) StderrLine: {'line': b'      |                                 \x1b[01;31m\x1b[K^\x1b[m\x1b[K\n'}
[1.234043] (enc_turtle_cpp) StderrLine: {'line': b'\x1b[01m\x1b[K/home/sangwon/ROS2_turtlesim_ws/src/enc_turtle_cpp/src/bgv_test.cpp:13:16:\x1b[m\x1b[K \x1b[01;31m\x1b[Kerror: \x1b[m\x1b[Krequest for member \xe2\x80\x98\x1b[01m\x1b[KSetPlaintextModulus\x1b[m\x1b[K\xe2\x80\x99 in \xe2\x80\x98\x1b[01m\x1b[Kparameters\x1b[m\x1b[K\xe2\x80\x99, which is of non-class type \xe2\x80\x98\x1b[01m\x1b[Kint\x1b[m\x1b[K\xe2\x80\x99\n'}
[1.234088] (enc_turtle_cpp) StderrLine: {'line': b'   13 |     parameters.\x1b[01;31m\x1b[KSetPlaintextModulus\x1b[m\x1b[K(65537);\n'}
[1.234127] (enc_turtle_cpp) StderrLine: {'line': b'      |                \x1b[01;31m\x1b[K^~~~~~~~~~~~~~~~~~~\x1b[m\x1b[K\n'}
[1.234163] (enc_turtle_cpp) StderrLine: {'line': b'\x1b[01m\x1b[K/home/sangwon/ROS2_turtlesim_ws/src/enc_turtle_cpp/src/bgv_test.cpp:14:16:\x1b[m\x1b[K \x1b[01;31m\x1b[Kerror: \x1b[m\x1b[Krequest for member \xe2\x80\x98\x1b[01m\x1b[KSetMultiplicativeDepth\x1b[m\x1b[K\xe2\x80\x99 in \xe2\x80\x98\x1b[01m\x1b[Kparameters\x1b[m\x1b[K\xe2\x80\x99, which is of non-class type \xe2\x80\x98\x1b[01m\x1b[Kint\x1b[m\x1b[K\xe2\x80\x99\n'}
[1.234197] (enc_turtle_cpp) StderrLine: {'line': b'   14 |     parameters.\x1b[01;31m\x1b[KSetMultiplicativeDepth\x1b[m\x1b[K(2);\n'}
[1.234230] (enc_turtle_cpp) StderrLine: {'line': b'      |                \x1b[01;31m\x1b[K^~~~~~~~~~~~~~~~~~~~~~\x1b[m\x1b[K\n'}
[1.234298] (enc_turtle_cpp) StderrLine: {'line': b'\x1b[01m\x1b[K/home/sangwon/ROS2_turtlesim_ws/src/enc_turtle_cpp/src/bgv_test.cpp:15:16:\x1b[m\x1b[K \x1b[01;31m\x1b[Kerror: \x1b[m\x1b[Krequest for member \xe2\x80\x98\x1b[01m\x1b[KSetSecurityLevel\x1b[m\x1b[K\xe2\x80\x99 in \xe2\x80\x98\x1b[01m\x1b[Kparameters\x1b[m\x1b[K\xe2\x80\x99, which is of non-class type \xe2\x80\x98\x1b[01m\x1b[Kint\x1b[m\x1b[K\xe2\x80\x99\n'}
[1.234348] (enc_turtle_cpp) StderrLine: {'line': b'   15 |     parameters.\x1b[01;31m\x1b[KSetSecurityLevel\x1b[m\x1b[K(SecurityLevel::HEStd_128_classic);\n'}
[1.234386] (enc_turtle_cpp) StderrLine: {'line': b'      |                \x1b[01;31m\x1b[K^~~~~~~~~~~~~~~~\x1b[m\x1b[K\n'}
[1.234422] (enc_turtle_cpp) StderrLine: {'line': b'\x1b[01m\x1b[K/home/sangwon/ROS2_turtlesim_ws/src/enc_turtle_cpp/src/bgv_test.cpp:16:16:\x1b[m\x1b[K \x1b[01;31m\x1b[Kerror: \x1b[m\x1b[Krequest for member \xe2\x80\x98\x1b[01m\x1b[KSetRingDim\x1b[m\x1b[K\xe2\x80\x99 in \xe2\x80\x98\x1b[01m\x1b[Kparameters\x1b[m\x1b[K\xe2\x80\x99, which is of non-class type \xe2\x80\x98\x1b[01m\x1b[Kint\x1b[m\x1b[K\xe2\x80\x99\n'}
[1.234470] (enc_turtle_cpp) StderrLine: {'line': b'   16 |     parameters.\x1b[01;31m\x1b[KSetRingDim\x1b[m\x1b[K(16384);  // \xea\xb6\x8c\xec\x9e\xa5\xeb\x90\x98\xeb\x8a\x94 \xec\xb5\x9c\xec\x86\x8c Ring dimension\xec\x9c\xbc\xeb\xa1\x9c \xeb\xb3\x80\xea\xb2\xbd\n'}
[1.234504] (enc_turtle_cpp) StderrLine: {'line': b'      |                \x1b[01;31m\x1b[K^~~~~~~~~~\x1b[m\x1b[K\n'}
[1.235249] (enc_turtle_cpp) StderrLine: {'line': b'\x1b[01m\x1b[K/home/sangwon/ROS2_turtlesim_ws/src/enc_turtle_cpp/src/bgv_test.cpp:21:61:\x1b[m\x1b[K \x1b[01;31m\x1b[Kerror: \x1b[m\x1b[Kno matching function for call to \xe2\x80\x98\x1b[01m\x1b[KGenCryptoContext(int&)\x1b[m\x1b[K\xe2\x80\x99\n'}
[1.235441] (enc_turtle_cpp) StderrLine: {'line': b'   21 |     CryptoContext<DCRTPoly> cc = GenCryptoContext(parameters\x1b[01;31m\x1b[K)\x1b[m\x1b[K;\n'}
[1.235501] (enc_turtle_cpp) StderrLine: {'line': b'      |                                                             \x1b[01;31m\x1b[K^\x1b[m\x1b[K\n'}
[1.235546] (enc_turtle_cpp) StderrLine: {'line': b'In file included from \x1b[01m\x1b[K/home/sangwon/ROS2_turtlesim_ws/src/enc_turtle_cpp/src/bgv_test.cpp:5\x1b[m\x1b[K:\n'}
[1.235582] (enc_turtle_cpp) StderrLine: {'line': b'\x1b[01m\x1b[K/usr/local/include/openfhe/pke/gen-cryptocontext.h:89:25:\x1b[m\x1b[K \x1b[01;36m\x1b[Knote: \x1b[m\x1b[Kcandidate: \xe2\x80\x98\x1b[01m\x1b[Ktemplate<class T> typename T::ContextType lbcrypto::GenCryptoContext(const lbcrypto::CCParams<T>&)\x1b[m\x1b[K\xe2\x80\x99\n'}
[1.235622] (enc_turtle_cpp) StderrLine: {'line': b'   89 | typename T::ContextType \x1b[01;36m\x1b[KGenCryptoContext\x1b[m\x1b[K(const CCParams<T>& params) {\n'}
[1.235656] (enc_turtle_cpp) StderrLine: {'line': b'      |                         \x1b[01;36m\x1b[K^~~~~~~~~~~~~~~~\x1b[m\x1b[K\n'}
[1.235689] (enc_turtle_cpp) StderrLine: {'line': b'\x1b[01m\x1b[K/usr/local/include/openfhe/pke/gen-cryptocontext.h:89:25:\x1b[m\x1b[K \x1b[01;36m\x1b[Knote: \x1b[m\x1b[K  template argument deduction/substitution failed:\n'}
[1.235722] (enc_turtle_cpp) StderrLine: {'line': b'\x1b[01m\x1b[K/home/sangwon/ROS2_turtlesim_ws/src/enc_turtle_cpp/src/bgv_test.cpp:21:61:\x1b[m\x1b[K \x1b[01;36m\x1b[Knote: \x1b[m\x1b[K  mismatched types \xe2\x80\x98\x1b[01m\x1b[Kconst lbcrypto::CCParams<T>\x1b[m\x1b[K\xe2\x80\x99 and \xe2\x80\x98\x1b[01m\x1b[Kint\x1b[m\x1b[K\xe2\x80\x99\n'}
[1.235756] (enc_turtle_cpp) StderrLine: {'line': b'   21 |     CryptoContext<DCRTPoly> cc = GenCryptoContext(parameters\x1b[01;36m\x1b[K)\x1b[m\x1b[K;\n'}
[1.235789] (enc_turtle_cpp) StderrLine: {'line': b'      |                                                             \x1b[01;36m\x1b[K^\x1b[m\x1b[K\n'}
[1.236726] (enc_turtle_cpp) StderrLine: {'line': b'\x1b[01m\x1b[K/home/sangwon/ROS2_turtlesim_ws/src/enc_turtle_cpp/src/bgv_test.cpp:22:16:\x1b[m\x1b[K \x1b[01;31m\x1b[Kerror: \x1b[m\x1b[K\xe2\x80\x98\x1b[01m\x1b[KENCRYPTION\x1b[m\x1b[K\xe2\x80\x99 was not declared in this scope\n'}
[1.236787] (enc_turtle_cpp) StderrLine: {'line': b'   22 |     cc->Enable(\x1b[01;31m\x1b[KENCRYPTION\x1b[m\x1b[K);\n'}
[1.236824] (enc_turtle_cpp) StderrLine: {'line': b'      |                \x1b[01;31m\x1b[K^~~~~~~~~~\x1b[m\x1b[K\n'}
[1.303611] (-) TimerEvent: {}
[1.403953] (-) TimerEvent: {}
[1.504300] (-) TimerEvent: {}
[1.604660] (-) TimerEvent: {}
[1.705029] (-) TimerEvent: {}
[1.805375] (-) TimerEvent: {}
[1.905769] (-) TimerEvent: {}
[2.006116] (-) TimerEvent: {}
[2.106483] (-) TimerEvent: {}
[2.120516] (enc_turtle_cpp) StderrLine: {'line': b'make[2]: *** [CMakeFiles/bgv_test.dir/build.make:63: CMakeFiles/bgv_test.dir/src/bgv_test.cpp.o] Error 1\n'}
[2.120892] (enc_turtle_cpp) StderrLine: {'line': b'make[1]: *** [CMakeFiles/Makefile2:131: CMakeFiles/bgv_test.dir/all] Error 2\n'}
[2.121292] (enc_turtle_cpp) StderrLine: {'line': b'make: *** [Makefile:141: all] Error 2\n'}
[2.124019] (enc_turtle_cpp) CommandEnded: {'returncode': 2}
[2.202531] (enc_turtle_cpp) JobEnded: {'identifier': 'enc_turtle_cpp', 'rc': 2}
[2.206574] (-) TimerEvent: {}
[2.213197] (-) EventReactorShutdown: {}
