[35m[1mScanning dependencies of target bgv_test[0m
[  4%] Built target enc_turtle_cpp__cpp
[  4%] [32mBuilding CXX object CMakeFiles/bgv_test.dir/src/bgv_test.cpp.o[0m
[ 12%] Built target enc_turtle_cpp__rosidl_generator_c
[ 21%] Built target turtle_plant
[ 21%] Built target turtle_controller
[ 24%] [34m[1mGenerating C introspection for ROS interfaces[0m
[ 26%] [34m[1mGenerating C++ introspection for ROS interfaces[0m
[ 29%] [34m[1mGenerating C++ type support dispatch for ROS interfaces[0m
[ 31%] [34m[1mGenerating C++ type support for eProsima Fast-RTPS[0m
[ 34%] [34m[1mGenerating C type support dispatch for ROS interfaces[0m
[01m[K/home/sangwon/ROS2_turtlesim_ws/src/enc_turtle_cpp/src/bgv_test.cpp:2:10:[m[K [01;31m[Kfatal error: [m[Kopenfhe/core/lattice/lattice-core.h: No such file or directory
    2 | #include [01;31m[K<openfhe/core/lattice/lattice-core.h>[m[K
      |          [01;31m[K^~~~~~~~~~~~~~~~~~~~~~~~~~~~~~~~~~~~~[m[K
compilation terminated.
make[2]: *** [CMakeFiles/bgv_test.dir/build.make:63: CMakeFiles/bgv_test.dir/src/bgv_test.cpp.o] Error 1
make[1]: *** [CMakeFiles/Makefile2:131: CMakeFiles/bgv_test.dir/all] Error 2
make[1]: *** Waiting for unfinished jobs....
[35m[1mScanning dependencies of target enc_turtle_cpp__rosidl_typesupport_cpp[0m
[35m[1mScanning dependencies of target enc_turtle_cpp__rosidl_typesupport_introspection_c[0m
[35m[1mScanning dependencies of target enc_turtle_cpp__rosidl_typesupport_introspection_cpp[0m
[ 36%] [32mBuilding CXX object CMakeFiles/enc_turtle_cpp__rosidl_typesupport_cpp.dir/rosidl_typesupport_cpp/enc_turtle_cpp/msg/encrypted_data__type_support.cpp.o[0m
[ 39%] [32mBuilding C object CMakeFiles/enc_turtle_cpp__rosidl_typesupport_introspection_c.dir/rosidl_typesupport_introspection_c/enc_turtle_cpp/msg/detail/encrypted_data__type_support.c.o[0m
[35m[1mScanning dependencies of target enc_turtle_cpp__rosidl_typesupport_c[0m
[ 41%] [32mBuilding CXX object CMakeFiles/enc_turtle_cpp__rosidl_typesupport_introspection_cpp.dir/rosidl_typesupport_introspection_cpp/enc_turtle_cpp/msg/detail/encrypted_data__type_support.cpp.o[0m
[35m[1mScanning dependencies of target enc_turtle_cpp__rosidl_typesupport_fastrtps_cpp[0m
[ 43%] [32mBuilding CXX object CMakeFiles/enc_turtle_cpp__rosidl_typesupport_c.dir/rosidl_typesupport_c/enc_turtle_cpp/msg/encrypted_data__type_support.cpp.o[0m
[ 46%] [32mBuilding CXX object CMakeFiles/enc_turtle_cpp__rosidl_typesupport_fastrtps_cpp.dir/rosidl_typesupport_fastrtps_cpp/enc_turtle_cpp/msg/detail/dds_fastrtps/encrypted_data__type_support.cpp.o[0m
[ 48%] [32m[1mLinking C shared library libenc_turtle_cpp__rosidl_typesupport_introspection_c.so[0m
[ 51%] [32m[1mLinking CXX shared library libenc_turtle_cpp__rosidl_typesupport_c.so[0m
[ 51%] Built target enc_turtle_cpp__rosidl_typesupport_introspection_c
[ 51%] Built target enc_turtle_cpp__rosidl_typesupport_c
[ 56%] [32m[1mLinking CXX shared library libenc_turtle_cpp__rosidl_typesupport_introspection_cpp.so[0m
[ 56%] [32m[1mLinking CXX shared library libenc_turtle_cpp__rosidl_typesupport_cpp.so[0m
[ 56%] Built target enc_turtle_cpp__rosidl_typesupport_cpp
[ 56%] Built target enc_turtle_cpp__rosidl_typesupport_introspection_cpp
[ 58%] [32m[1mLinking CXX shared library libenc_turtle_cpp__rosidl_typesupport_fastrtps_cpp.so[0m
[ 58%] Built target enc_turtle_cpp__rosidl_typesupport_fastrtps_cpp
make: *** [Makefile:141: all] Error 2
