[0.017s] Invoking command in '/home/sangwon/ROS2_turtlesim_ws/build/enc_turtle_cpp': CMAKE_PREFIX_PATH=${CMAKE_PREFIX_PATH}:/opt/ros/foxy /usr/bin/cmake --build /home/sangwon/ROS2_turtlesim_ws/build/enc_turtle_cpp -- -j12 -l12
[0.060s] [35m[1mScanning dependencies of target bgv_test[0m
[0.070s] [  4%] Built target enc_turtle_cpp__cpp
[0.070s] [  4%] [32mBuilding CXX object CMakeFiles/bgv_test.dir/src/bgv_test.cpp.o[0m
[0.074s] [ 12%] Built target enc_turtle_cpp__rosidl_generator_c
[0.084s] [ 17%] Built target turtle_plant
[0.086s] [ 21%] Built target turtle_controller
[0.097s] [ 29%] Built target enc_turtle_cpp__rosidl_typesupport_introspection_cpp
[0.098s] [ 36%] Built target enc_turtle_cpp__rosidl_typesupport_cpp
[0.099s] [ 43%] Built target enc_turtle_cpp__rosidl_typesupport_fastrtps_cpp
[0.101s] [ 51%] Built target enc_turtle_cpp__rosidl_typesupport_introspection_c
[0.102s] [ 58%] Built target enc_turtle_cpp__rosidl_typesupport_c
[0.123s] [ 65%] Built target enc_turtle_cpp__rosidl_typesupport_fastrtps_c
[0.145s] [ 65%] Built target enc_turtle_cpp
[0.167s] [ 68%] Built target enc_turtle_cpp__py
[0.171s] [ 73%] Built target enc_turtle_controller
[0.172s] [ 78%] Built target enc_turtle_plant
[0.193s] [ 82%] Built target enc_turtle_cpp__python
[0.221s] [ 87%] Built target enc_turtle_cpp__rosidl_typesupport_introspection_c__pyext
[0.221s] [ 92%] Built target enc_turtle_cpp__rosidl_typesupport_fastrtps_c__pyext
[0.222s] [ 97%] Built target enc_turtle_cpp__rosidl_typesupport_c__pyext
[1.239s] [01m[K/home/sangwon/ROS2_turtlesim_ws/src/enc_turtle_cpp/src/bgv_test.cpp:[m[K In function â€˜[01m[Kint main()[m[Kâ€™:
[1.239s] [01m[K/home/sangwon/ROS2_turtlesim_ws/src/enc_turtle_cpp/src/bgv_test.cpp:22:15:[m[K [01;31m[Kerror: [m[Kâ€˜[01m[KGenCryptoContext[m[Kâ€™ was not declared in this scope
[1.239s]    22 |     auto cc = [01;31m[KGenCryptoContext[m[K(parameters);
[1.239s]       |               [01;31m[K^~~~~~~~~~~~~~~~[m[K
[1.239s] [01m[K/home/sangwon/ROS2_turtlesim_ws/src/enc_turtle_cpp/src/bgv_test.cpp:23:34:[m[K [01;31m[Kerror: [m[Kâ€˜[01m[KENCRYPTION[m[Kâ€™ is not a member of â€˜[01m[Klbcrypto::PKESchemeFeature[m[Kâ€™
[1.239s]    23 |     cc->Enable(PKESchemeFeature::[01;31m[KENCRYPTION[m[K);
[1.239s]       |                                  [01;31m[K^~~~~~~~~~[m[K
[2.107s] make[2]: *** [CMakeFiles/bgv_test.dir/build.make:63: CMakeFiles/bgv_test.dir/src/bgv_test.cpp.o] Error 1
[2.107s] make[1]: *** [CMakeFiles/Makefile2:131: CMakeFiles/bgv_test.dir/all] Error 2
[2.108s] make: *** [Makefile:141: all] Error 2
[2.112s] Invoked command in '/home/sangwon/ROS2_turtlesim_ws/build/enc_turtle_cpp' returned '2': CMAKE_PREFIX_PATH=${CMAKE_PREFIX_PATH}:/opt/ros/foxy /usr/bin/cmake --build /home/sangwon/ROS2_turtlesim_ws/build/enc_turtle_cpp -- -j12 -l12
