-- Found ament_cmake: 0.9.12 (/opt/ros/foxy/share/ament_cmake/cmake)
-- Found PythonInterp: /usr/bin/python3 (found suitable version "3.8.10", minimum required is "3") 
-- Using PYTHON_EXECUTABLE: /usr/bin/python3
-- Override CMake install command with custom implementation using symlinks instead of copying resources
-- Found rclcpp: 2.4.3 (/opt/ros/foxy/share/rclcpp/cmake)
-- Using all available rosidl_typesupport_c: rosidl_typesupport_fastrtps_c;rosidl_typesupport_introspection_c
-- Found rosidl_adapter: 1.3.1 (/opt/ros/foxy/share/rosidl_adapter/cmake)
-- Using all available rosidl_typesupport_cpp: rosidl_typesupport_fastrtps_cpp;rosidl_typesupport_introspection_cpp
-- Found rmw_implementation_cmake: 1.0.4 (/opt/ros/foxy/share/rmw_implementation_cmake/cmake)
-- Using RMW implementation 'rmw_fastrtps_cpp' as default
-- Found geometry_msgs: 2.0.5 (/opt/ros/foxy/share/geometry_msgs/cmake)
-- Found turtlesim: 1.2.6 (/opt/ros/foxy/share/turtlesim/cmake)
-- Found rosidl_default_generators: 1.0.1 (/opt/ros/foxy/share/rosidl_default_generators/cmake)
-- Found PythonInterp: /usr/bin/python3 (found version "3.8.10") 
-- Found ament_cmake_ros: 0.9.2 (/opt/ros/foxy/share/ament_cmake_ros/cmake)
-- Using all available rosidl_typesupport_c: rosidl_typesupport_fastrtps_c;rosidl_typesupport_introspection_c
-- Using all available rosidl_typesupport_cpp: rosidl_typesupport_fastrtps_cpp;rosidl_typesupport_introspection_cpp
-- Found PythonInterp: /usr/bin/python3 (found suitable version "3.8.10", minimum required is "3.5") 
-- Found python_cmake_module: 0.8.1 (/opt/ros/foxy/share/python_cmake_module/cmake)
-- Using PYTHON_EXECUTABLE: /usr/bin/python3
-- Using PYTHON_INCLUDE_DIRS: /usr/include/python3.8
-- Using PYTHON_LIBRARIES: /usr/lib/x86_64-linux-gnu/libpython3.8.so
-- Found OpenFHE
-- OpenFHE Version: 1.3.0
-- OpenFHE Include Dirs: 
-- OpenFHE Libraries: 
-- Found ament_lint_auto: 0.9.8 (/opt/ros/foxy/share/ament_lint_auto/cmake)
-- Added test 'copyright' to check source files copyright and LICENSE
-- Added test 'cppcheck' to perform static code analysis on C / C++ code
-- Configured cppcheck include dirs: $<BUILD_INTERFACE:/home/sangwon/ROS2_turtlesim_ws/src/enc_turtle_cpp/include>
-- Configured cppcheck exclude dirs and/or files: 
-- Added test 'cpplint' to check C / C++ code against the Google style
-- Configured cpplint exclude dirs and/or files: 
-- Added test 'flake8' to check Python code syntax and style conventions
-- Added test 'lint_cmake' to check CMake code style
-- Added test 'pep257' to check Python code against some of the style conventions in PEP 257
-- Added test 'uncrustify' to check C / C++ code style
-- Configured uncrustify additional arguments: 
-- Added test 'xmllint' to check XML markup files
-- Configuring done
-- Generating done
-- Build files have been written to: /home/sangwon/ROS2_turtlesim_ws/build/enc_turtle_cpp
[  2%] Built target enc_turtle_cpp__cpp
[  8%] Built target enc_turtle_cpp__rosidl_generator_c
[ 13%] Built target bgv_test
[ 17%] Built target turtle_controller
[ 22%] Built target turtle_plant
[ 28%] Built target enc_turtle_cpp__rosidl_typesupport_introspection_cpp
[ 35%] Built target enc_turtle_cpp__rosidl_typesupport_cpp
[ 42%] Built target enc_turtle_cpp__rosidl_typesupport_fastrtps_cpp
[ 55%] Built target enc_turtle_cpp__rosidl_typesupport_introspection_c
[ 55%] Built target enc_turtle_cpp__rosidl_typesupport_c
[ 62%] Built target enc_turtle_cpp__rosidl_typesupport_fastrtps_c
[ 62%] Built target enc_turtle_cpp
[35m[1mScanning dependencies of target test_controller[0m
[35m[1mScanning dependencies of target test_plant[0m
[ 64%] Built target enc_turtle_cpp__py
[ 73%] Built target enc_turtle_plant
[ 73%] Built target enc_turtle_controller
[ 77%] Built target enc_turtle_cpp__python
[ 82%] [32mBuilding CXX object CMakeFiles/test_plant.dir/src/test_plant.cpp.o[0m
[ 82%] [32mBuilding CXX object CMakeFiles/test_controller.dir/src/test_controller.cpp.o[0m
[ 86%] Built target enc_turtle_cpp__rosidl_typesupport_introspection_c__pyext
[ 91%] Built target enc_turtle_cpp__rosidl_typesupport_c__pyext
[ 95%] Built target enc_turtle_cpp__rosidl_typesupport_fastrtps_c__pyext
[01m[K/home/sangwon/ROS2_turtlesim_ws/src/enc_turtle_cpp/src/test_plant.cpp:[m[K In constructor â€˜[01m[KTestPlant::TestPlant()[m[Kâ€™:
[01m[K/home/sangwon/ROS2_turtlesim_ws/src/enc_turtle_cpp/src/test_plant.cpp:70:28:[m[K [01;31m[Kerror: [m[Kâ€˜[01m[Kusing element_type = class lbcrypto::CryptoContextImpl<lbcrypto::DCRTPolyImpl<bigintdyn::mubintvec<bigintdyn::ubint<long unsigned int> > > >[m[Kâ€™ {aka â€˜[01m[Kclass lbcrypto::CryptoContextImpl<lbcrypto::DCRTPolyImpl<bigintdyn::mubintvec<bigintdyn::ubint<long unsigned int> > > >[m[Kâ€™} has no member named â€˜[01m[KGetEvalMultKeyMap[m[Kâ€™; did you mean â€˜[01m[KGetEvalSumKeyMap[m[Kâ€™?
   70 |     auto evalMultKey = cc->[01;31m[KGetEvalMultKeyMap[m[K();
      |                            [01;31m[K^~~~~~~~~~~~~~~~~[m[K
      |                            [32m[KGetEvalSumKeyMap[m[K
[01m[K/home/sangwon/ROS2_turtlesim_ws/src/enc_turtle_cpp/src/test_controller.cpp:[m[K In member function â€˜[01m[Kvoid TestController::encrypted_callback(enc_turtle_cpp::msg::EncryptedData_<std::allocator<void> >::SharedPtr)[m[Kâ€™:
[01m[K/home/sangwon/ROS2_turtlesim_ws/src/enc_turtle_cpp/src/test_controller.cpp:67:31:[m[K [01;31m[Kerror: [m[Kcannot convert â€˜[01m[Klbcrypto::EvalKey<lbcrypto::DCRTPolyImpl<bigintdyn::mubintvec<bigintdyn::ubint<long unsigned int> > > >[m[Kâ€™ {aka â€˜[01m[Kstd::shared_ptr<lbcrypto::EvalKeyImpl<lbcrypto::DCRTPolyImpl<bigintdyn::mubintvec<bigintdyn::ubint<long unsigned int> > > > >[m[Kâ€™} to â€˜[01m[Kconst std::vector<std::shared_ptr<lbcrypto::EvalKeyImpl<lbcrypto::DCRTPolyImpl<bigintdyn::mubintvec<bigintdyn::ubint<long unsigned int> > > > >, std::allocator<std::shared_ptr<lbcrypto::EvalKeyImpl<lbcrypto::DCRTPolyImpl<bigintdyn::mubintvec<bigintdyn::ubint<long unsigned int> > > > > > >&[m[Kâ€™
   67 |         cc->InsertEvalMultKey([01;31m[KevalMultKey[m[K);
      |                               [01;31m[K^~~~~~~~~~~[m[K
      |                               [01;31m[K|[m[K
      |                               [01;31m[Klbcrypto::EvalKey<lbcrypto::DCRTPolyImpl<bigintdyn::mubintvec<bigintdyn::ubint<long unsigned int> > > > {aka std::shared_ptr<lbcrypto::EvalKeyImpl<lbcrypto::DCRTPolyImpl<bigintdyn::mubintvec<bigintdyn::ubint<long unsigned int> > > > >}[m[K
In file included from [01m[K/usr/local/include/openfhe/pke/openfhe.h:54[m[K,
                 from [01m[K/home/sangwon/ROS2_turtlesim_ws/src/enc_turtle_cpp/src/test_controller.cpp:3[m[K:
[01m[K/usr/local/include/openfhe/pke/cryptocontext.h:716:72:[m[K [01;36m[Knote: [m[K  initializing argument 1 of â€˜[01m[Kstatic void lbcrypto::CryptoContextImpl<Element>::InsertEvalMultKey(const std::vector<std::shared_ptr<lbcrypto::EvalKeyImpl<Element> > >&, const string&) [with Element = lbcrypto::DCRTPolyImpl<bigintdyn::mubintvec<bigintdyn::ubint<long unsigned int> > >; std::string = std::__cxx11::basic_string<char>][m[Kâ€™
  716 |     static void InsertEvalMultKey([01;36m[Kconst std::vector<EvalKey<Element>>& evalKeyVec[m[K, const std::string& keyTag = "");
      |                                   [01;36m[K~~~~~~~~~~~~~~~~~~~~~~~~~~~~~~~~~~~~~^~~~~~~~~~[m[K
make[2]: *** [CMakeFiles/test_controller.dir/build.make:63: CMakeFiles/test_controller.dir/src/test_controller.cpp.o] Error 1
make[1]: *** [CMakeFiles/Makefile2:483: CMakeFiles/test_controller.dir/all] Error 2
make[1]: *** Waiting for unfinished jobs....
make[2]: *** [CMakeFiles/test_plant.dir/build.make:63: CMakeFiles/test_plant.dir/src/test_plant.cpp.o] Error 1
make[1]: *** [CMakeFiles/Makefile2:650: CMakeFiles/test_plant.dir/all] Error 2
make: *** [Makefile:141: all] Error 2
