[0.018s] Invoking command in '/home/sangwon/ROS2_turtlesim_ws/build/enc_turtle_cpp': CMAKE_PREFIX_PATH=${CMAKE_PREFIX_PATH}:/opt/ros/foxy /usr/bin/cmake --build /home/sangwon/ROS2_turtlesim_ws/build/enc_turtle_cpp -- -j12 -l12
[0.041s] -- Found ament_cmake: 0.9.12 (/opt/ros/foxy/share/ament_cmake/cmake)
[0.059s] -- Found PythonInterp: /usr/bin/python3 (found suitable version "3.8.10", minimum required is "3") 
[0.059s] -- Using PYTHON_EXECUTABLE: /usr/bin/python3
[0.172s] -- Override CMake install command with custom implementation using symlinks instead of copying resources
[0.177s] -- Found rclcpp: 2.4.3 (/opt/ros/foxy/share/rclcpp/cmake)
[0.283s] -- Using all available rosidl_typesupport_c: rosidl_typesupport_fastrtps_c;rosidl_typesupport_introspection_c
[0.285s] -- Found rosidl_adapter: 1.3.1 (/opt/ros/foxy/share/rosidl_adapter/cmake)
[2.547s] -- Using all available rosidl_typesupport_cpp: rosidl_typesupport_fastrtps_cpp;rosidl_typesupport_introspection_cpp
[2.575s] -- Found rmw_implementation_cmake: 1.0.4 (/opt/ros/foxy/share/rmw_implementation_cmake/cmake)
[2.575s] -- Using RMW implementation 'rmw_fastrtps_cpp' as default
[2.655s] -- Found geometry_msgs: 2.0.5 (/opt/ros/foxy/share/geometry_msgs/cmake)
[2.674s] -- Found turtlesim: 1.2.6 (/opt/ros/foxy/share/turtlesim/cmake)
[2.734s] -- Found rosidl_default_generators: 1.0.1 (/opt/ros/foxy/share/rosidl_default_generators/cmake)
[2.757s] -- Found PythonInterp: /usr/bin/python3 (found version "3.8.10") 
[2.834s] -- Found ament_cmake_ros: 0.9.2 (/opt/ros/foxy/share/ament_cmake_ros/cmake)
[5.044s] -- Using all available rosidl_typesupport_c: rosidl_typesupport_fastrtps_c;rosidl_typesupport_introspection_c
[5.050s] -- Using all available rosidl_typesupport_cpp: rosidl_typesupport_fastrtps_cpp;rosidl_typesupport_introspection_cpp
[5.066s] -- Found PythonInterp: /usr/bin/python3 (found suitable version "3.8.10", minimum required is "3.5") 
[5.067s] -- Found python_cmake_module: 0.8.1 (/opt/ros/foxy/share/python_cmake_module/cmake)
[5.083s] -- Using PYTHON_EXECUTABLE: /usr/bin/python3
[5.083s] -- Using PYTHON_INCLUDE_DIRS: /usr/include/python3.8
[5.083s] -- Using PYTHON_LIBRARIES: /usr/lib/x86_64-linux-gnu/libpython3.8.so
[5.093s] -- Found OpenFHE
[5.093s] -- OpenFHE Version: 1.3.0
[5.093s] -- OpenFHE Include Dirs: 
[5.093s] -- OpenFHE Libraries: 
[5.097s] -- Found ament_lint_auto: 0.9.8 (/opt/ros/foxy/share/ament_lint_auto/cmake)
[5.105s] -- Added test 'copyright' to check source files copyright and LICENSE
[5.106s] -- Added test 'cppcheck' to perform static code analysis on C / C++ code
[5.107s] -- Configured cppcheck include dirs: $<BUILD_INTERFACE:/home/sangwon/ROS2_turtlesim_ws/src/enc_turtle_cpp/include>
[5.107s] -- Configured cppcheck exclude dirs and/or files: 
[5.108s] -- Added test 'cpplint' to check C / C++ code against the Google style
[5.108s] -- Configured cpplint exclude dirs and/or files: 
[5.109s] -- Added test 'flake8' to check Python code syntax and style conventions
[5.109s] -- Added test 'lint_cmake' to check CMake code style
[5.109s] -- Added test 'pep257' to check Python code against some of the style conventions in PEP 257
[5.110s] -- Added test 'uncrustify' to check C / C++ code style
[5.110s] -- Configured uncrustify additional arguments: 
[5.110s] -- Added test 'xmllint' to check XML markup files
[5.115s] -- Configuring done
[5.163s] -- Generating done
[5.167s] -- Build files have been written to: /home/sangwon/ROS2_turtlesim_ws/build/enc_turtle_cpp
[5.205s] [  2%] Built target enc_turtle_cpp__cpp
[5.205s] [  8%] Built target enc_turtle_cpp__rosidl_generator_c
[5.207s] [ 13%] Built target bgv_test
[5.211s] [ 17%] Built target turtle_controller
[5.212s] [ 22%] Built target turtle_plant
[5.226s] [ 28%] Built target enc_turtle_cpp__rosidl_typesupport_introspection_cpp
[5.227s] [ 35%] Built target enc_turtle_cpp__rosidl_typesupport_cpp
[5.228s] [ 42%] Built target enc_turtle_cpp__rosidl_typesupport_fastrtps_cpp
[5.229s] [ 55%] Built target enc_turtle_cpp__rosidl_typesupport_introspection_c
[5.229s] [ 55%] Built target enc_turtle_cpp__rosidl_typesupport_c
[5.251s] [ 62%] Built target enc_turtle_cpp__rosidl_typesupport_fastrtps_c
[5.270s] [ 62%] Built target enc_turtle_cpp
[5.281s] [35m[1mScanning dependencies of target test_controller[0m
[5.281s] [35m[1mScanning dependencies of target test_plant[0m
[5.290s] [ 64%] Built target enc_turtle_cpp__py
[5.300s] [ 73%] Built target enc_turtle_plant
[5.300s] [ 73%] Built target enc_turtle_controller
[5.313s] [ 77%] Built target enc_turtle_cpp__python
[5.320s] [ 82%] [32mBuilding CXX object CMakeFiles/test_plant.dir/src/test_plant.cpp.o[0m
[5.320s] [ 82%] [32mBuilding CXX object CMakeFiles/test_controller.dir/src/test_controller.cpp.o[0m
[5.339s] [ 86%] Built target enc_turtle_cpp__rosidl_typesupport_introspection_c__pyext
[5.339s] [ 91%] Built target enc_turtle_cpp__rosidl_typesupport_c__pyext
[5.340s] [ 95%] Built target enc_turtle_cpp__rosidl_typesupport_fastrtps_c__pyext
[7.300s] [01m[K/home/sangwon/ROS2_turtlesim_ws/src/enc_turtle_cpp/src/test_plant.cpp:[m[K In constructor â€˜[01m[KTestPlant::TestPlant()[m[Kâ€™:
[7.300s] [01m[K/home/sangwon/ROS2_turtlesim_ws/src/enc_turtle_cpp/src/test_plant.cpp:70:28:[m[K [01;31m[Kerror: [m[Kâ€˜[01m[Kusing element_type = class lbcrypto::CryptoContextImpl<lbcrypto::DCRTPolyImpl<bigintdyn::mubintvec<bigintdyn::ubint<long unsigned int> > > >[m[Kâ€™ {aka â€˜[01m[Kclass lbcrypto::CryptoContextImpl<lbcrypto::DCRTPolyImpl<bigintdyn::mubintvec<bigintdyn::ubint<long unsigned int> > > >[m[Kâ€™} has no member named â€˜[01m[KGetEvalMultKeyMap[m[Kâ€™; did you mean â€˜[01m[KGetEvalSumKeyMap[m[Kâ€™?
[7.300s]    70 |     auto evalMultKey = cc->[01;31m[KGetEvalMultKeyMap[m[K();
[7.300s]       |                            [01;31m[K^~~~~~~~~~~~~~~~~[m[K
[7.300s]       |                            [32m[KGetEvalSumKeyMap[m[K
[7.321s] [01m[K/home/sangwon/ROS2_turtlesim_ws/src/enc_turtle_cpp/src/test_controller.cpp:[m[K In member function â€˜[01m[Kvoid TestController::encrypted_callback(enc_turtle_cpp::msg::EncryptedData_<std::allocator<void> >::SharedPtr)[m[Kâ€™:
[7.321s] [01m[K/home/sangwon/ROS2_turtlesim_ws/src/enc_turtle_cpp/src/test_controller.cpp:67:31:[m[K [01;31m[Kerror: [m[Kcannot convert â€˜[01m[Klbcrypto::EvalKey<lbcrypto::DCRTPolyImpl<bigintdyn::mubintvec<bigintdyn::ubint<long unsigned int> > > >[m[Kâ€™ {aka â€˜[01m[Kstd::shared_ptr<lbcrypto::EvalKeyImpl<lbcrypto::DCRTPolyImpl<bigintdyn::mubintvec<bigintdyn::ubint<long unsigned int> > > > >[m[Kâ€™} to â€˜[01m[Kconst std::vector<std::shared_ptr<lbcrypto::EvalKeyImpl<lbcrypto::DCRTPolyImpl<bigintdyn::mubintvec<bigintdyn::ubint<long unsigned int> > > > >, std::allocator<std::shared_ptr<lbcrypto::EvalKeyImpl<lbcrypto::DCRTPolyImpl<bigintdyn::mubintvec<bigintdyn::ubint<long unsigned int> > > > > > >&[m[Kâ€™
[7.321s]    67 |         cc->InsertEvalMultKey([01;31m[KevalMultKey[m[K);
[7.321s]       |                               [01;31m[K^~~~~~~~~~~[m[K
[7.321s]       |                               [01;31m[K|[m[K
[7.321s]       |                               [01;31m[Klbcrypto::EvalKey<lbcrypto::DCRTPolyImpl<bigintdyn::mubintvec<bigintdyn::ubint<long unsigned int> > > > {aka std::shared_ptr<lbcrypto::EvalKeyImpl<lbcrypto::DCRTPolyImpl<bigintdyn::mubintvec<bigintdyn::ubint<long unsigned int> > > > >}[m[K
[7.321s] In file included from [01m[K/usr/local/include/openfhe/pke/openfhe.h:54[m[K,
[7.321s]                  from [01m[K/home/sangwon/ROS2_turtlesim_ws/src/enc_turtle_cpp/src/test_controller.cpp:3[m[K:
[7.321s] [01m[K/usr/local/include/openfhe/pke/cryptocontext.h:716:72:[m[K [01;36m[Knote: [m[K  initializing argument 1 of â€˜[01m[Kstatic void lbcrypto::CryptoContextImpl<Element>::InsertEvalMultKey(const std::vector<std::shared_ptr<lbcrypto::EvalKeyImpl<Element> > >&, const string&) [with Element = lbcrypto::DCRTPolyImpl<bigintdyn::mubintvec<bigintdyn::ubint<long unsigned int> > >; std::string = std::__cxx11::basic_string<char>][m[Kâ€™
[7.321s]   716 |     static void InsertEvalMultKey([01;36m[Kconst std::vector<EvalKey<Element>>& evalKeyVec[m[K, const std::string& keyTag = "");
[7.321s]       |                                   [01;36m[K~~~~~~~~~~~~~~~~~~~~~~~~~~~~~~~~~~~~~^~~~~~~~~~[m[K
[12.912s] make[2]: *** [CMakeFiles/test_controller.dir/build.make:63: CMakeFiles/test_controller.dir/src/test_controller.cpp.o] Error 1
[12.912s] make[1]: *** [CMakeFiles/Makefile2:483: CMakeFiles/test_controller.dir/all] Error 2
[12.912s] make[1]: *** Waiting for unfinished jobs....
[12.933s] make[2]: *** [CMakeFiles/test_plant.dir/build.make:63: CMakeFiles/test_plant.dir/src/test_plant.cpp.o] Error 1
[12.933s] make[1]: *** [CMakeFiles/Makefile2:650: CMakeFiles/test_plant.dir/all] Error 2
[12.934s] make: *** [Makefile:141: all] Error 2
[12.937s] Invoked command in '/home/sangwon/ROS2_turtlesim_ws/build/enc_turtle_cpp' returned '2': CMAKE_PREFIX_PATH=${CMAKE_PREFIX_PATH}:/opt/ros/foxy /usr/bin/cmake --build /home/sangwon/ROS2_turtlesim_ws/build/enc_turtle_cpp -- -j12 -l12
